mode: atomic
network-debugger/internal/infrastructure/httpapi/cookies.go:29.49,35.2 3 4
network-debugger/internal/infrastructure/httpapi/cookies.go:37.43,38.58 1 6
network-debugger/internal/infrastructure/httpapi/cookies.go:38.58,40.3 1 3
network-debugger/internal/infrastructure/httpapi/cookies.go:42.2,42.42 1 3
network-debugger/internal/infrastructure/httpapi/cookies.go:45.39,47.22 2 6
network-debugger/internal/infrastructure/httpapi/cookies.go:47.22,49.3 1 1
network-debugger/internal/infrastructure/httpapi/cookies.go:50.2,50.27 1 5
network-debugger/internal/infrastructure/httpapi/cookies.go:50.27,52.3 1 3
network-debugger/internal/infrastructure/httpapi/cookies.go:53.2,53.13 1 2
network-debugger/internal/infrastructure/httpapi/cookies.go:56.40,57.14 1 11
network-debugger/internal/infrastructure/httpapi/cookies.go:57.14,59.3 1 1
network-debugger/internal/infrastructure/httpapi/cookies.go:60.2,60.27 1 10
network-debugger/internal/infrastructure/httpapi/cookies.go:65.73,66.32 1 8
network-debugger/internal/infrastructure/httpapi/cookies.go:66.32,68.3 1 1
network-debugger/internal/infrastructure/httpapi/cookies.go:69.2,70.20 2 7
network-debugger/internal/infrastructure/httpapi/cookies.go:70.20,72.3 1 0
network-debugger/internal/infrastructure/httpapi/cookies.go:73.2,77.65 4 7
network-debugger/internal/infrastructure/httpapi/cookies.go:77.65,79.3 1 2
network-debugger/internal/infrastructure/httpapi/cookies.go:81.2,81.27 1 7
network-debugger/internal/infrastructure/httpapi/cookies.go:81.27,83.10 2 8
network-debugger/internal/infrastructure/httpapi/cookies.go:83.10,86.12 2 1
network-debugger/internal/infrastructure/httpapi/cookies.go:89.3,94.37 4 7
network-debugger/internal/infrastructure/httpapi/cookies.go:94.37,96.4 1 7
network-debugger/internal/infrastructure/httpapi/cookies.go:99.3,99.19 1 7
network-debugger/internal/infrastructure/httpapi/cookies.go:99.19,101.4 1 1
network-debugger/internal/infrastructure/httpapi/cookies.go:101.9,101.47 1 6
network-debugger/internal/infrastructure/httpapi/cookies.go:101.47,103.4 1 4
network-debugger/internal/infrastructure/httpapi/cookies.go:103.9,103.48 1 2
network-debugger/internal/infrastructure/httpapi/cookies.go:103.48,105.26 2 2
network-debugger/internal/infrastructure/httpapi/cookies.go:105.26,107.5 1 1
network-debugger/internal/infrastructure/httpapi/cookies.go:107.10,109.5 1 1
network-debugger/internal/infrastructure/httpapi/cookies.go:113.3,113.19 1 7
network-debugger/internal/infrastructure/httpapi/cookies.go:113.19,115.4 1 1
network-debugger/internal/infrastructure/httpapi/cookies.go:115.9,115.43 1 6
network-debugger/internal/infrastructure/httpapi/cookies.go:115.43,117.4 1 1
network-debugger/internal/infrastructure/httpapi/cookies.go:117.9,119.4 1 5
network-debugger/internal/infrastructure/httpapi/cookies.go:122.3,122.17 1 7
network-debugger/internal/infrastructure/httpapi/cookies.go:122.17,123.88 1 2
network-debugger/internal/infrastructure/httpapi/cookies.go:123.88,125.5 1 2
network-debugger/internal/infrastructure/httpapi/cookies.go:128.3,129.27 2 7
network-debugger/internal/infrastructure/httpapi/cookies.go:134.86,135.36 1 3
network-debugger/internal/infrastructure/httpapi/cookies.go:135.36,137.3 1 1
network-debugger/internal/infrastructure/httpapi/cookies.go:138.2,139.23 2 2
network-debugger/internal/infrastructure/httpapi/cookies.go:139.23,141.3 1 0
network-debugger/internal/infrastructure/httpapi/cookies.go:143.2,147.26 5 2
network-debugger/internal/infrastructure/httpapi/cookies.go:147.26,149.14 2 7
network-debugger/internal/infrastructure/httpapi/cookies.go:149.14,150.12 1 0
network-debugger/internal/infrastructure/httpapi/cookies.go:152.3,153.14 2 7
network-debugger/internal/infrastructure/httpapi/cookies.go:153.14,154.12 1 3
network-debugger/internal/infrastructure/httpapi/cookies.go:156.3,158.35 3 4
network-debugger/internal/infrastructure/httpapi/cookies.go:158.35,162.4 2 2
network-debugger/internal/infrastructure/httpapi/cookies.go:164.2,165.18 2 2
network-debugger/internal/infrastructure/httpapi/cookies.go:165.18,167.3 1 1
network-debugger/internal/infrastructure/httpapi/cookies.go:186.61,188.21 2 21
network-debugger/internal/infrastructure/httpapi/cookies.go:188.21,190.3 1 0
network-debugger/internal/infrastructure/httpapi/cookies.go:191.2,193.13 3 21
network-debugger/internal/infrastructure/httpapi/cookies.go:193.13,195.3 1 3
network-debugger/internal/infrastructure/httpapi/cookies.go:196.2,202.34 2 18
network-debugger/internal/infrastructure/httpapi/cookies.go:202.34,204.16 2 52
network-debugger/internal/infrastructure/httpapi/cookies.go:204.16,205.12 1 0
network-debugger/internal/infrastructure/httpapi/cookies.go:207.3,208.16 2 52
network-debugger/internal/infrastructure/httpapi/cookies.go:209.17,211.12 2 4
network-debugger/internal/infrastructure/httpapi/cookies.go:212.19,214.12 2 4
network-debugger/internal/infrastructure/httpapi/cookies.go:215.22,217.12 2 4
network-debugger/internal/infrastructure/httpapi/cookies.go:219.3,219.44 1 40
network-debugger/internal/infrastructure/httpapi/cookies.go:219.44,222.15 3 36
network-debugger/internal/infrastructure/httpapi/cookies.go:223.72,224.23 1 32
network-debugger/internal/infrastructure/httpapi/cookies.go:225.12,226.47 1 4
network-debugger/internal/infrastructure/httpapi/cookies.go:228.9,230.4 1 4
network-debugger/internal/infrastructure/httpapi/cookies.go:232.2,232.16 1 18
network-debugger/internal/infrastructure/httpapi/cookies.go:235.51,240.37 5 13
network-debugger/internal/infrastructure/httpapi/cookies.go:240.37,243.3 2 3
network-debugger/internal/infrastructure/httpapi/cookies.go:244.2,244.35 1 13
network-debugger/internal/infrastructure/httpapi/cookies.go:244.35,247.3 2 10
network-debugger/internal/infrastructure/httpapi/cookies.go:248.2,248.38 1 13
network-debugger/internal/infrastructure/httpapi/cookies.go:248.38,251.3 2 1
network-debugger/internal/infrastructure/httpapi/cookies.go:252.2,252.38 1 13
network-debugger/internal/infrastructure/httpapi/cookies.go:252.38,255.3 2 0
network-debugger/internal/infrastructure/httpapi/cookies.go:256.2,256.25 1 13
network-debugger/internal/infrastructure/httpapi/cookies.go:256.25,258.3 1 2
network-debugger/internal/infrastructure/httpapi/cookies.go:259.2,259.23 1 13
network-debugger/internal/infrastructure/httpapi/cookies.go:259.23,261.3 1 4
network-debugger/internal/infrastructure/httpapi/cookies.go:262.2,262.39 1 13
network-debugger/internal/infrastructure/httpapi/cookies.go:262.39,265.13 2 5
network-debugger/internal/infrastructure/httpapi/cookies.go:266.14,267.35 1 1
network-debugger/internal/infrastructure/httpapi/cookies.go:268.17,269.38 1 0
network-debugger/internal/infrastructure/httpapi/cookies.go:270.15,271.36 1 3
network-debugger/internal/infrastructure/httpapi/cookies.go:272.11,274.20 2 1
network-debugger/internal/infrastructure/httpapi/cookies.go:277.2,277.39 1 13
network-debugger/internal/infrastructure/httpapi/cookies.go:277.39,280.3 2 2
network-debugger/internal/infrastructure/httpapi/cookies.go:281.2,281.28 1 13
network-debugger/internal/infrastructure/httpapi/cookies.go:281.28,283.3 1 2
network-debugger/internal/infrastructure/httpapi/cookies.go:284.2,284.34 1 13
network-debugger/internal/infrastructure/httpapi/cookies.go:284.34,287.3 2 4
network-debugger/internal/infrastructure/httpapi/cookies.go:288.2,288.19 1 13
network-debugger/internal/infrastructure/httpapi/delay.go:8.44,9.62 1 0
network-debugger/internal/infrastructure/httpapi/delay.go:9.62,11.16 2 0
network-debugger/internal/infrastructure/httpapi/delay.go:11.16,13.4 1 0
network-debugger/internal/infrastructure/httpapi/delay.go:15.3,18.9 4 0
network-debugger/internal/infrastructure/httpapi/delay.go:20.2,20.29 1 0
network-debugger/internal/infrastructure/httpapi/delay.go:20.29,22.3 1 0
network-debugger/internal/infrastructure/httpapi/errors.go:18.102,19.16 1 0
network-debugger/internal/infrastructure/httpapi/errors.go:19.16,21.3 1 0
network-debugger/internal/infrastructure/httpapi/errors.go:22.2,24.110 3 0
network-debugger/internal/infrastructure/httpapi/forwardproxy.go:20.80,21.96 1 0
network-debugger/internal/infrastructure/httpapi/forwardproxy.go:21.96,24.3 2 0
network-debugger/internal/infrastructure/httpapi/forwardproxy.go:25.2,25.76 1 0
network-debugger/internal/infrastructure/httpapi/forwardproxy.go:28.75,29.36 1 0
network-debugger/internal/infrastructure/httpapi/forwardproxy.go:29.36,31.74 1 0
network-debugger/internal/infrastructure/httpapi/forwardproxy.go:31.74,34.4 2 0
network-debugger/internal/infrastructure/httpapi/forwardproxy.go:35.3,36.9 2 0
network-debugger/internal/infrastructure/httpapi/forwardproxy.go:40.2,40.42 1 0
network-debugger/internal/infrastructure/httpapi/forwardproxy.go:40.42,43.3 2 0
network-debugger/internal/infrastructure/httpapi/forwardproxy.go:45.2,45.71 1 0
network-debugger/internal/infrastructure/httpapi/forwardproxy.go:45.71,48.3 2 0
network-debugger/internal/infrastructure/httpapi/forwardproxy.go:50.2,50.34 1 0
network-debugger/internal/infrastructure/httpapi/forwardproxy.go:56.83,65.9 6 0
network-debugger/internal/infrastructure/httpapi/forwardproxy.go:65.9,71.3 5 0
network-debugger/internal/infrastructure/httpapi/forwardproxy.go:72.2,73.16 2 0
network-debugger/internal/infrastructure/httpapi/forwardproxy.go:73.16,78.3 4 0
network-debugger/internal/infrastructure/httpapi/forwardproxy.go:81.2,82.42 2 0
network-debugger/internal/infrastructure/httpapi/forwardproxy.go:82.42,84.3 1 0
network-debugger/internal/infrastructure/httpapi/forwardproxy.go:85.2,86.16 2 0
network-debugger/internal/infrastructure/httpapi/forwardproxy.go:86.16,95.3 7 0
network-debugger/internal/infrastructure/httpapi/forwardproxy.go:98.2,116.51 13 0
network-debugger/internal/infrastructure/httpapi/forwardproxy.go:116.51,125.3 8 0
network-debugger/internal/infrastructure/httpapi/forwardproxy.go:128.2,130.16 3 0
network-debugger/internal/infrastructure/httpapi/forwardproxy.go:130.16,139.3 8 0
network-debugger/internal/infrastructure/httpapi/forwardproxy.go:141.2,145.54 3 0
network-debugger/internal/infrastructure/httpapi/forwardproxy.go:145.54,147.33 1 0
network-debugger/internal/infrastructure/httpapi/forwardproxy.go:147.33,148.39 1 0
network-debugger/internal/infrastructure/httpapi/forwardproxy.go:148.39,150.5 1 0
network-debugger/internal/infrastructure/httpapi/forwardproxy.go:152.3,152.46 1 0
network-debugger/internal/infrastructure/httpapi/forwardproxy.go:152.46,153.52 1 0
network-debugger/internal/infrastructure/httpapi/forwardproxy.go:153.52,155.5 1 0
network-debugger/internal/infrastructure/httpapi/forwardproxy.go:159.3,165.9 6 0
network-debugger/internal/infrastructure/httpapi/forwardproxy.go:169.2,173.32 5 0
network-debugger/internal/infrastructure/httpapi/forwardproxy.go:177.40,180.24 2 0
network-debugger/internal/infrastructure/httpapi/forwardproxy.go:180.24,182.3 1 0
network-debugger/internal/infrastructure/httpapi/forwardproxy.go:186.76,190.9 3 0
network-debugger/internal/infrastructure/httpapi/forwardproxy.go:190.9,193.3 2 0
network-debugger/internal/infrastructure/httpapi/forwardproxy.go:194.2,195.16 2 0
network-debugger/internal/infrastructure/httpapi/forwardproxy.go:195.16,197.3 1 0
network-debugger/internal/infrastructure/httpapi/forwardproxy.go:199.2,200.16 2 0
network-debugger/internal/infrastructure/httpapi/forwardproxy.go:200.16,205.3 4 0
network-debugger/internal/infrastructure/httpapi/forwardproxy.go:207.2,220.12 9 0
network-debugger/internal/infrastructure/httpapi/forwardproxy.go:220.12,223.3 2 0
network-debugger/internal/infrastructure/httpapi/forwardproxy.go:224.2,229.32 5 0
network-debugger/internal/infrastructure/httpapi/forwardproxy.go:235.74,238.9 3 0
network-debugger/internal/infrastructure/httpapi/forwardproxy.go:238.9,241.3 2 0
network-debugger/internal/infrastructure/httpapi/forwardproxy.go:242.2,243.16 2 0
network-debugger/internal/infrastructure/httpapi/forwardproxy.go:243.16,245.3 1 0
network-debugger/internal/infrastructure/httpapi/forwardproxy.go:247.2,252.16 4 0
network-debugger/internal/infrastructure/httpapi/forwardproxy.go:252.16,255.3 2 0
network-debugger/internal/infrastructure/httpapi/forwardproxy.go:257.2,261.43 2 0
network-debugger/internal/infrastructure/httpapi/forwardproxy.go:261.43,264.3 2 0
network-debugger/internal/infrastructure/httpapi/forwardproxy.go:267.2,268.16 2 0
network-debugger/internal/infrastructure/httpapi/forwardproxy.go:268.16,271.3 2 0
network-debugger/internal/infrastructure/httpapi/forwardproxy.go:273.2,274.58 2 0
network-debugger/internal/infrastructure/httpapi/forwardproxy.go:274.58,276.3 1 0
network-debugger/internal/infrastructure/httpapi/forwardproxy.go:277.2,278.43 2 0
network-debugger/internal/infrastructure/httpapi/forwardproxy.go:278.43,282.3 3 0
network-debugger/internal/infrastructure/httpapi/forwardproxy.go:285.2,292.12 5 0
network-debugger/internal/infrastructure/httpapi/forwardproxy.go:292.12,293.16 1 0
network-debugger/internal/infrastructure/httpapi/forwardproxy.go:293.16,297.77 4 0
network-debugger/internal/infrastructure/httpapi/forwardproxy.go:297.77,301.5 3 0
network-debugger/internal/infrastructure/httpapi/forwardproxy.go:304.3,306.7 3 0
network-debugger/internal/infrastructure/httpapi/forwardproxy.go:306.7,309.18 2 0
network-debugger/internal/infrastructure/httpapi/forwardproxy.go:309.18,311.5 1 0
network-debugger/internal/infrastructure/httpapi/forwardproxy.go:313.4,317.48 5 0
network-debugger/internal/infrastructure/httpapi/forwardproxy.go:317.48,319.5 1 0
network-debugger/internal/infrastructure/httpapi/forwardproxy.go:320.4,324.23 3 0
network-debugger/internal/infrastructure/httpapi/forwardproxy.go:324.23,326.22 2 0
network-debugger/internal/infrastructure/httpapi/forwardproxy.go:326.22,328.6 1 0
network-debugger/internal/infrastructure/httpapi/forwardproxy.go:329.5,329.25 1 0
network-debugger/internal/infrastructure/httpapi/forwardproxy.go:329.25,331.6 1 0
network-debugger/internal/infrastructure/httpapi/forwardproxy.go:332.5,334.14 3 0
network-debugger/internal/infrastructure/httpapi/forwardproxy.go:334.14,337.6 2 0
network-debugger/internal/infrastructure/httpapi/forwardproxy.go:340.4,348.44 7 0
network-debugger/internal/infrastructure/httpapi/forwardproxy.go:348.44,350.5 1 0
network-debugger/internal/infrastructure/httpapi/forwardproxy.go:352.4,353.18 2 0
network-debugger/internal/infrastructure/httpapi/forwardproxy.go:353.18,355.5 1 0
network-debugger/internal/infrastructure/httpapi/forwardproxy.go:357.4,364.45 6 0
network-debugger/internal/infrastructure/httpapi/forwardproxy.go:364.45,366.5 1 0
network-debugger/internal/infrastructure/httpapi/forwardproxy.go:368.4,368.56 1 0
network-debugger/internal/infrastructure/httpapi/forwardproxy.go:368.56,373.5 3 0
network-debugger/internal/infrastructure/httpapi/forwardproxy.go:378.81,396.46 11 0
network-debugger/internal/infrastructure/httpapi/forwardproxy.go:396.46,398.3 1 0
network-debugger/internal/infrastructure/httpapi/forwardproxy.go:399.2,399.18 1 0
network-debugger/internal/infrastructure/httpapi/forwardproxy.go:399.18,401.3 1 0
network-debugger/internal/infrastructure/httpapi/forwardproxy.go:401.8,403.3 1 0
network-debugger/internal/infrastructure/httpapi/forwardproxy.go:404.2,408.24 3 0
network-debugger/internal/infrastructure/httpapi/forwardproxy.go:408.24,410.20 2 0
network-debugger/internal/infrastructure/httpapi/forwardproxy.go:410.20,412.4 1 0
network-debugger/internal/infrastructure/httpapi/forwardproxy.go:413.3,413.23 1 0
network-debugger/internal/infrastructure/httpapi/forwardproxy.go:413.23,415.4 1 0
network-debugger/internal/infrastructure/httpapi/forwardproxy.go:416.3,418.12 3 0
network-debugger/internal/infrastructure/httpapi/forwardproxy.go:418.12,421.4 2 0
network-debugger/internal/infrastructure/httpapi/forwardproxy.go:424.2,435.16 10 0
network-debugger/internal/infrastructure/httpapi/forwardproxy.go:435.16,441.3 5 0
network-debugger/internal/infrastructure/httpapi/forwardproxy.go:442.2,460.32 13 0
network-debugger/internal/infrastructure/httpapi/forwardproxy.go:463.45,465.23 2 0
network-debugger/internal/infrastructure/httpapi/forwardproxy.go:465.23,469.3 3 0
network-debugger/internal/infrastructure/httpapi/forwardproxy.go:470.2,470.12 1 0
network-debugger/internal/infrastructure/httpapi/forwardproxy.go:473.51,474.25 1 0
network-debugger/internal/infrastructure/httpapi/forwardproxy.go:474.25,475.24 1 0
network-debugger/internal/infrastructure/httpapi/forwardproxy.go:475.24,477.4 1 0
network-debugger/internal/infrastructure/httpapi/forwardproxy.go:487.51,488.16 1 0
network-debugger/internal/infrastructure/httpapi/forwardproxy.go:488.16,490.20 2 0
network-debugger/internal/infrastructure/httpapi/forwardproxy.go:490.20,492.13 2 0
network-debugger/internal/infrastructure/httpapi/forwardproxy.go:492.13,494.5 1 0
network-debugger/internal/infrastructure/httpapi/forwardproxy.go:496.9,496.33 1 0
network-debugger/internal/infrastructure/httpapi/forwardproxy.go:496.33,498.4 1 0
network-debugger/internal/infrastructure/httpapi/forwardproxy.go:500.2,500.23 1 0
network-debugger/internal/infrastructure/httpapi/forwardproxy.go:504.35,505.40 1 0
network-debugger/internal/infrastructure/httpapi/forwardproxy.go:505.40,507.3 1 0
network-debugger/internal/infrastructure/httpapi/forwardproxy.go:508.2,508.14 1 0
network-debugger/internal/infrastructure/httpapi/har.go:38.93,42.6 3 0
network-debugger/internal/infrastructure/httpapi/har.go:42.6,44.17 2 0
network-debugger/internal/infrastructure/httpapi/har.go:44.17,47.4 2 0
network-debugger/internal/infrastructure/httpapi/har.go:48.3,48.26 1 0
network-debugger/internal/infrastructure/httpapi/har.go:48.26,55.4 1 0
network-debugger/internal/infrastructure/httpapi/har.go:56.3,56.17 1 0
network-debugger/internal/infrastructure/httpapi/har.go:56.17,57.9 1 0
network-debugger/internal/infrastructure/httpapi/har.go:59.3,59.14 1 0
network-debugger/internal/infrastructure/httpapi/har.go:61.2,66.36 4 0
network-debugger/internal/infrastructure/httpapi/httpproxy.go:34.72,36.15 2 0
network-debugger/internal/infrastructure/httpapi/httpproxy.go:36.15,38.32 1 0
network-debugger/internal/infrastructure/httpapi/httpproxy.go:38.32,40.4 1 0
network-debugger/internal/infrastructure/httpapi/httpproxy.go:40.9,43.4 2 0
network-debugger/internal/infrastructure/httpapi/httpproxy.go:45.2,46.63 2 0
network-debugger/internal/infrastructure/httpapi/httpproxy.go:46.63,49.3 2 0
network-debugger/internal/infrastructure/httpapi/httpproxy.go:52.5,53.45 2 0
network-debugger/internal/infrastructure/httpapi/httpproxy.go:53.45,55.3 1 0
network-debugger/internal/infrastructure/httpapi/httpproxy.go:56.2,58.53 2 0
network-debugger/internal/infrastructure/httpapi/httpproxy.go:58.53,60.3 1 0
network-debugger/internal/infrastructure/httpapi/httpproxy.go:61.2,63.18 2 0
network-debugger/internal/infrastructure/httpapi/httpproxy.go:63.18,65.3 1 0
network-debugger/internal/infrastructure/httpapi/httpproxy.go:71.2,78.31 6 0
network-debugger/internal/infrastructure/httpapi/httpproxy.go:78.31,80.24 2 0
network-debugger/internal/infrastructure/httpapi/httpproxy.go:80.24,82.4 1 0
network-debugger/internal/infrastructure/httpapi/httpproxy.go:84.2,84.37 1 0
network-debugger/internal/infrastructure/httpapi/httpproxy.go:84.37,87.24 2 0
network-debugger/internal/infrastructure/httpapi/httpproxy.go:87.24,89.4 1 0
network-debugger/internal/infrastructure/httpapi/httpproxy.go:91.2,92.29 2 0
network-debugger/internal/infrastructure/httpapi/httpproxy.go:92.29,95.3 1 0
network-debugger/internal/infrastructure/httpapi/httpproxy.go:98.5,99.75 2 0
network-debugger/internal/infrastructure/httpapi/httpproxy.go:99.75,101.83 2 0
network-debugger/internal/infrastructure/httpapi/httpproxy.go:101.83,103.10 1 0
network-debugger/internal/infrastructure/httpapi/httpproxy.go:105.5,106.71 2 0
network-debugger/internal/infrastructure/httpapi/httpproxy.go:106.71,108.39 2 0
network-debugger/internal/infrastructure/httpapi/httpproxy.go:108.39,108.58 1 0
network-debugger/internal/infrastructure/httpapi/httpproxy.go:109.9,109.38 1 0
network-debugger/internal/infrastructure/httpapi/httpproxy.go:109.38,109.56 1 0
network-debugger/internal/infrastructure/httpapi/httpproxy.go:112.5,131.56 5 0
network-debugger/internal/infrastructure/httpapi/httpproxy.go:131.56,134.3 2 0
network-debugger/internal/infrastructure/httpapi/httpproxy.go:135.2,139.41 3 0
network-debugger/internal/infrastructure/httpapi/httpproxy.go:139.41,146.3 4 0
network-debugger/internal/infrastructure/httpapi/httpproxy.go:148.2,156.51 5 0
network-debugger/internal/infrastructure/httpapi/httpproxy.go:156.51,191.55 17 0
network-debugger/internal/infrastructure/httpapi/httpproxy.go:191.55,193.5 1 0
network-debugger/internal/infrastructure/httpapi/httpproxy.go:195.13,195.36 1 0
network-debugger/internal/infrastructure/httpapi/httpproxy.go:195.36,196.111 1 0
network-debugger/internal/infrastructure/httpapi/httpproxy.go:196.111,199.18 2 0
network-debugger/internal/infrastructure/httpapi/httpproxy.go:201.4,203.14 3 0
network-debugger/internal/infrastructure/httpapi/httpproxy.go:205.76,235.4 6 0
network-debugger/internal/infrastructure/httpapi/httpproxy.go:239.2,245.3 5 0
network-debugger/internal/infrastructure/httpapi/httpproxy.go:248.2,249.19 2 0
network-debugger/internal/infrastructure/httpapi/httpproxy.go:249.19,251.20 2 0
network-debugger/internal/infrastructure/httpapi/httpproxy.go:251.20,253.4 1 0
network-debugger/internal/infrastructure/httpapi/httpproxy.go:254.3,254.23 1 0
network-debugger/internal/infrastructure/httpapi/httpproxy.go:254.23,256.4 1 0
network-debugger/internal/infrastructure/httpapi/httpproxy.go:257.3,259.12 3 0
network-debugger/internal/infrastructure/httpapi/httpproxy.go:259.12,262.4 2 0
network-debugger/internal/infrastructure/httpapi/httpproxy.go:265.2,265.42 1 0
network-debugger/internal/infrastructure/httpapi/httpproxy.go:265.42,266.93 1 0
network-debugger/internal/infrastructure/httpapi/httpproxy.go:266.93,270.43 2 0
network-debugger/internal/infrastructure/httpapi/httpproxy.go:270.43,272.5 1 0
network-debugger/internal/infrastructure/httpapi/httpproxy.go:276.2,290.47 8 0
network-debugger/internal/infrastructure/httpapi/httpproxy.go:290.47,292.4 1 0
network-debugger/internal/infrastructure/httpapi/httpproxy.go:293.44,295.4 1 0
network-debugger/internal/infrastructure/httpapi/httpproxy.go:296.29,298.4 1 0
network-debugger/internal/infrastructure/httpapi/httpproxy.go:299.32,301.4 1 0
network-debugger/internal/infrastructure/httpapi/httpproxy.go:305.5,305.17 1 0
network-debugger/internal/infrastructure/httpapi/httpproxy.go:305.17,306.53 1 0
network-debugger/internal/infrastructure/httpapi/httpproxy.go:306.53,308.10 1 0
network-debugger/internal/infrastructure/httpapi/httpproxy.go:310.9,310.25 1 0
network-debugger/internal/infrastructure/httpapi/httpproxy.go:310.25,312.10 1 0
network-debugger/internal/infrastructure/httpapi/httpproxy.go:312.15,314.10 1 0
network-debugger/internal/infrastructure/httpapi/httpproxy.go:315.9,315.48 1 0
network-debugger/internal/infrastructure/httpapi/httpproxy.go:319.2,320.15 2 0
network-debugger/internal/infrastructure/httpapi/httpproxy.go:320.15,322.3 1 0
network-debugger/internal/infrastructure/httpapi/httpproxy.go:323.2,324.32 2 0
network-debugger/internal/infrastructure/httpapi/httpproxy.go:327.38,329.24 2 0
network-debugger/internal/infrastructure/httpapi/httpproxy.go:329.24,331.3 1 0
network-debugger/internal/infrastructure/httpapi/httpproxy.go:336.67,340.29 3 0
network-debugger/internal/infrastructure/httpapi/httpproxy.go:340.29,341.18 1 0
network-debugger/internal/infrastructure/httpapi/httpproxy.go:341.18,342.12 1 0
network-debugger/internal/infrastructure/httpapi/httpproxy.go:344.3,348.182 3 0
network-debugger/internal/infrastructure/httpapi/httpproxy.go:348.182,350.4 1 0
network-debugger/internal/infrastructure/httpapi/httpproxy.go:350.9,352.4 1 0
network-debugger/internal/infrastructure/httpapi/httpproxy.go:353.3,353.29 1 0
network-debugger/internal/infrastructure/httpapi/httpproxy.go:353.29,355.4 1 0
network-debugger/internal/infrastructure/httpapi/httpproxy.go:358.2,364.28 2 0
network-debugger/internal/infrastructure/httpapi/httpproxy.go:364.28,366.3 1 0
network-debugger/internal/infrastructure/httpapi/httpproxy.go:368.2,369.19 2 0
network-debugger/internal/infrastructure/httpapi/httpproxy.go:369.19,373.63 3 0
network-debugger/internal/infrastructure/httpapi/httpproxy.go:373.63,374.44 1 0
network-debugger/internal/infrastructure/httpapi/httpproxy.go:374.44,376.5 1 0
network-debugger/internal/infrastructure/httpapi/httpproxy.go:380.3,382.64 2 0
network-debugger/internal/infrastructure/httpapi/httpproxy.go:382.64,386.35 2 0
network-debugger/internal/infrastructure/httpapi/httpproxy.go:386.35,388.29 2 0
network-debugger/internal/infrastructure/httpapi/httpproxy.go:388.29,389.27 1 0
network-debugger/internal/infrastructure/httpapi/httpproxy.go:389.27,394.7 1 0
network-debugger/internal/infrastructure/httpapi/httpproxy.go:396.5,399.6 1 0
network-debugger/internal/infrastructure/httpapi/httpproxy.go:401.9,401.57 1 0
network-debugger/internal/infrastructure/httpapi/httpproxy.go:401.57,403.51 1 0
network-debugger/internal/infrastructure/httpapi/httpproxy.go:403.51,407.9 4 0
network-debugger/internal/infrastructure/httpapi/httpproxy.go:407.9,409.20 2 0
network-debugger/internal/infrastructure/httpapi/httpproxy.go:409.20,410.12 1 0
network-debugger/internal/infrastructure/httpapi/httpproxy.go:412.6,421.36 8 0
network-debugger/internal/infrastructure/httpapi/httpproxy.go:421.36,423.7 1 0
network-debugger/internal/infrastructure/httpapi/httpproxy.go:424.6,424.26 1 0
network-debugger/internal/infrastructure/httpapi/httpproxy.go:424.26,426.7 1 0
network-debugger/internal/infrastructure/httpapi/httpproxy.go:427.6,429.24 2 0
network-debugger/internal/infrastructure/httpapi/httpproxy.go:429.24,436.7 1 0
network-debugger/internal/infrastructure/httpapi/httpproxy.go:436.12,446.184 3 0
network-debugger/internal/infrastructure/httpapi/httpproxy.go:446.184,448.8 1 0
network-debugger/internal/infrastructure/httpapi/httpproxy.go:449.7,449.34 1 0
network-debugger/internal/infrastructure/httpapi/httpproxy.go:452.5,452.42 1 0
network-debugger/internal/infrastructure/httpapi/httpproxy.go:452.42,458.6 1 0
network-debugger/internal/infrastructure/httpapi/httpproxy.go:463.3,463.50 1 0
network-debugger/internal/infrastructure/httpapi/httpproxy.go:463.50,464.26 1 0
network-debugger/internal/infrastructure/httpapi/httpproxy.go:464.26,466.5 1 0
network-debugger/internal/infrastructure/httpapi/httpproxy.go:467.4,467.29 1 0
network-debugger/internal/infrastructure/httpapi/httpproxy.go:468.9,469.20 1 0
network-debugger/internal/infrastructure/httpapi/httpproxy.go:469.20,471.5 1 0
network-debugger/internal/infrastructure/httpapi/httpproxy.go:472.4,472.31 1 0
network-debugger/internal/infrastructure/httpapi/httpproxy.go:475.2,476.18 2 0
network-debugger/internal/infrastructure/httpapi/httpproxy.go:479.59,482.32 3 0
network-debugger/internal/infrastructure/httpapi/httpproxy.go:482.32,483.18 1 0
network-debugger/internal/infrastructure/httpapi/httpproxy.go:483.18,484.12 1 0
network-debugger/internal/infrastructure/httpapi/httpproxy.go:486.3,489.168 3 0
network-debugger/internal/infrastructure/httpapi/httpproxy.go:489.168,491.4 1 0
network-debugger/internal/infrastructure/httpapi/httpproxy.go:491.9,493.4 1 0
network-debugger/internal/infrastructure/httpapi/httpproxy.go:494.3,494.29 1 0
network-debugger/internal/infrastructure/httpapi/httpproxy.go:494.29,496.4 1 0
network-debugger/internal/infrastructure/httpapi/httpproxy.go:498.2,503.28 2 0
network-debugger/internal/infrastructure/httpapi/httpproxy.go:503.28,505.3 1 0
network-debugger/internal/infrastructure/httpapi/httpproxy.go:507.2,507.21 1 0
network-debugger/internal/infrastructure/httpapi/httpproxy.go:507.21,515.3 1 0
network-debugger/internal/infrastructure/httpapi/httpproxy.go:517.2,517.67 1 0
network-debugger/internal/infrastructure/httpapi/httpproxy.go:517.67,519.29 2 0
network-debugger/internal/infrastructure/httpapi/httpproxy.go:519.29,521.38 2 0
network-debugger/internal/infrastructure/httpapi/httpproxy.go:521.38,523.5 1 0
network-debugger/internal/infrastructure/httpapi/httpproxy.go:524.4,524.40 1 0
network-debugger/internal/infrastructure/httpapi/httpproxy.go:524.40,526.5 1 0
network-debugger/internal/infrastructure/httpapi/httpproxy.go:527.4,527.44 1 0
network-debugger/internal/infrastructure/httpapi/httpproxy.go:527.44,529.5 1 0
network-debugger/internal/infrastructure/httpapi/httpproxy.go:530.4,530.47 1 0
network-debugger/internal/infrastructure/httpapi/httpproxy.go:530.47,532.5 1 0
network-debugger/internal/infrastructure/httpapi/httpproxy.go:533.4,533.45 1 0
network-debugger/internal/infrastructure/httpapi/httpproxy.go:533.45,535.5 1 0
network-debugger/internal/infrastructure/httpapi/httpproxy.go:537.3,544.4 1 0
network-debugger/internal/infrastructure/httpapi/httpproxy.go:548.2,549.22 2 0
network-debugger/internal/infrastructure/httpapi/httpproxy.go:549.22,553.20 2 0
network-debugger/internal/infrastructure/httpapi/httpproxy.go:553.20,555.4 1 0
network-debugger/internal/infrastructure/httpapi/httpproxy.go:556.3,556.23 1 0
network-debugger/internal/infrastructure/httpapi/httpproxy.go:556.23,558.4 1 0
network-debugger/internal/infrastructure/httpapi/httpproxy.go:559.3,561.12 3 0
network-debugger/internal/infrastructure/httpapi/httpproxy.go:561.12,564.4 2 0
network-debugger/internal/infrastructure/httpapi/httpproxy.go:566.2,567.22 2 0
network-debugger/internal/infrastructure/httpapi/httpproxy.go:567.22,571.63 3 0
network-debugger/internal/infrastructure/httpapi/httpproxy.go:571.63,572.44 1 0
network-debugger/internal/infrastructure/httpapi/httpproxy.go:572.44,574.5 1 0
network-debugger/internal/infrastructure/httpapi/httpproxy.go:576.3,576.50 1 0
network-debugger/internal/infrastructure/httpapi/httpproxy.go:576.50,578.39 2 0
network-debugger/internal/infrastructure/httpapi/httpproxy.go:578.39,580.5 1 0
network-debugger/internal/infrastructure/httpapi/httpproxy.go:581.4,581.31 1 0
network-debugger/internal/infrastructure/httpapi/httpproxy.go:582.9,583.31 1 0
network-debugger/internal/infrastructure/httpapi/httpproxy.go:583.31,585.5 1 0
network-debugger/internal/infrastructure/httpapi/httpproxy.go:586.4,586.31 1 0
network-debugger/internal/infrastructure/httpapi/httpproxy.go:589.2,590.18 2 0
network-debugger/internal/infrastructure/httpapi/httpproxy.go:595.79,597.15 2 0
network-debugger/internal/infrastructure/httpapi/httpproxy.go:597.15,599.3 1 0
network-debugger/internal/infrastructure/httpapi/httpproxy.go:600.2,600.48 1 0
network-debugger/internal/infrastructure/httpapi/httpproxy.go:600.48,602.3 1 0
network-debugger/internal/infrastructure/httpapi/httpproxy.go:603.2,604.16 2 0
network-debugger/internal/infrastructure/httpapi/httpproxy.go:604.16,606.3 1 0
network-debugger/internal/infrastructure/httpapi/httpproxy.go:607.2,607.15 1 0
network-debugger/internal/infrastructure/httpapi/httpproxy.go:607.15,607.31 1 0
network-debugger/internal/infrastructure/httpapi/httpproxy.go:609.2,609.64 1 0
network-debugger/internal/infrastructure/httpapi/httpproxy.go:609.64,612.3 2 0
network-debugger/internal/infrastructure/httpapi/httpproxy.go:613.2,616.17 3 0
network-debugger/internal/infrastructure/httpapi/httpproxy.go:619.38,621.35 2 0
network-debugger/internal/infrastructure/httpapi/httpproxy.go:621.35,624.3 2 0
network-debugger/internal/infrastructure/httpapi/httpproxy.go:625.2,625.11 1 0
network-debugger/internal/infrastructure/httpapi/httpproxy.go:629.74,631.60 2 0
network-debugger/internal/infrastructure/httpapi/httpproxy.go:631.60,633.3 1 0
network-debugger/internal/infrastructure/httpapi/httpproxy.go:634.2,636.16 3 0
network-debugger/internal/infrastructure/httpapi/httpproxy.go:636.16,638.3 1 0
network-debugger/internal/infrastructure/httpapi/httpproxy.go:639.2,639.18 1 0
network-debugger/internal/infrastructure/httpapi/httpproxy.go:643.57,646.13 2 0
network-debugger/internal/infrastructure/httpapi/httpproxy.go:647.14,649.17 2 0
network-debugger/internal/infrastructure/httpapi/httpproxy.go:649.17,651.4 1 0
network-debugger/internal/infrastructure/httpapi/httpproxy.go:652.3,655.17 4 0
network-debugger/internal/infrastructure/httpapi/httpproxy.go:655.17,657.4 1 0
network-debugger/internal/infrastructure/httpapi/httpproxy.go:658.3,658.19 1 0
network-debugger/internal/infrastructure/httpapi/httpproxy.go:659.17,662.16 2 0
network-debugger/internal/infrastructure/httpapi/httpproxy.go:662.16,664.4 1 0
network-debugger/internal/infrastructure/httpapi/httpproxy.go:665.3,668.17 4 0
network-debugger/internal/infrastructure/httpapi/httpproxy.go:668.17,670.4 1 0
network-debugger/internal/infrastructure/httpapi/httpproxy.go:671.3,671.19 1 0
network-debugger/internal/infrastructure/httpapi/httpproxy.go:672.10,674.20 2 0
network-debugger/internal/infrastructure/httpapi/httpproxy.go:679.68,682.26 3 0
network-debugger/internal/infrastructure/httpapi/httpproxy.go:682.26,685.41 3 0
network-debugger/internal/infrastructure/httpapi/httpproxy.go:685.41,688.9 3 0
network-debugger/internal/infrastructure/httpapi/httpproxy.go:691.2,691.20 1 0
network-debugger/internal/infrastructure/httpapi/httpproxy.go:691.20,693.3 1 0
network-debugger/internal/infrastructure/httpapi/httpproxy.go:694.2,694.61 1 0
network-debugger/internal/infrastructure/httpapi/httpproxy.go:698.40,699.11 1 0
network-debugger/internal/infrastructure/httpapi/httpproxy.go:700.24,701.19 1 0
network-debugger/internal/infrastructure/httpapi/httpproxy.go:702.24,703.19 1 0
network-debugger/internal/infrastructure/httpapi/httpproxy.go:704.24,705.19 1 0
network-debugger/internal/infrastructure/httpapi/httpproxy.go:706.24,707.19 1 0
network-debugger/internal/infrastructure/httpapi/httpproxy.go:708.10,709.12 1 0
network-debugger/internal/infrastructure/httpapi/httpproxy.go:713.42,715.12 1 0
network-debugger/internal/infrastructure/httpapi/httpproxy.go:716.34,717.34 1 0
network-debugger/internal/infrastructure/httpapi/httpproxy.go:718.34,719.34 1 0
network-debugger/internal/infrastructure/httpapi/httpproxy.go:720.40,721.40 1 0
network-debugger/internal/infrastructure/httpapi/httpproxy.go:722.49,723.49 1 0
network-debugger/internal/infrastructure/httpapi/httpproxy.go:724.49,725.49 1 0
network-debugger/internal/infrastructure/httpapi/httpproxy.go:726.51,727.51 1 0
network-debugger/internal/infrastructure/httpapi/httpproxy.go:728.51,729.51 1 0
network-debugger/internal/infrastructure/httpapi/httpproxy.go:730.10,731.66 1 0
network-debugger/internal/infrastructure/httpapi/httpproxy.go:735.63,736.21 1 0
network-debugger/internal/infrastructure/httpapi/httpproxy.go:736.21,738.3 1 0
network-debugger/internal/infrastructure/httpapi/httpproxy.go:739.2,740.26 2 0
network-debugger/internal/infrastructure/httpapi/httpproxy.go:740.26,749.3 1 0
network-debugger/internal/infrastructure/httpapi/httpproxy.go:750.2,750.12 1 0
network-debugger/internal/infrastructure/httpapi/httpproxy.go:753.30,754.28 1 0
network-debugger/internal/infrastructure/httpapi/httpproxy.go:754.28,756.3 1 0
network-debugger/internal/infrastructure/httpapi/httpproxy.go:757.2,757.11 1 0
network-debugger/internal/infrastructure/httpapi/httpproxy.go:757.11,759.3 1 0
network-debugger/internal/infrastructure/httpapi/httpproxy.go:760.2,760.15 1 0
network-debugger/internal/infrastructure/httpapi/httpproxy.go:763.53,764.34 1 0
network-debugger/internal/infrastructure/httpapi/httpproxy.go:764.34,766.3 1 0
network-debugger/internal/infrastructure/httpapi/httpproxy.go:767.2,767.47 1 0
network-debugger/internal/infrastructure/httpapi/httpproxy.go:771.46,772.16 1 0
network-debugger/internal/infrastructure/httpapi/httpproxy.go:772.16,774.3 1 0
network-debugger/internal/infrastructure/httpapi/httpproxy.go:775.2,775.10 1 0
network-debugger/internal/infrastructure/httpapi/httpproxy.go:779.49,780.13 1 0
network-debugger/internal/infrastructure/httpapi/httpproxy.go:780.13,782.3 1 0
network-debugger/internal/infrastructure/httpapi/httpproxy.go:783.2,783.25 1 0
network-debugger/internal/infrastructure/httpapi/httpproxy.go:787.66,788.16 1 9
network-debugger/internal/infrastructure/httpapi/httpproxy.go:788.16,790.3 1 0
network-debugger/internal/infrastructure/httpapi/httpproxy.go:792.2,796.47 3 9
network-debugger/internal/infrastructure/httpapi/httpproxy.go:796.47,798.3 1 1
network-debugger/internal/infrastructure/httpapi/httpproxy.go:801.2,801.57 1 8
network-debugger/internal/infrastructure/httpapi/httpproxy.go:801.57,803.3 1 1
network-debugger/internal/infrastructure/httpapi/httpproxy.go:806.2,806.51 1 7
network-debugger/internal/infrastructure/httpapi/httpproxy.go:806.51,808.30 2 1
network-debugger/internal/infrastructure/httpapi/httpproxy.go:808.30,810.4 1 1
network-debugger/internal/infrastructure/httpapi/httpproxy.go:811.3,811.41 1 0
network-debugger/internal/infrastructure/httpapi/httpproxy.go:815.2,815.108 1 6
network-debugger/internal/infrastructure/httpapi/httpproxy.go:815.108,817.3 1 1
network-debugger/internal/infrastructure/httpapi/httpproxy.go:818.2,818.94 1 5
network-debugger/internal/infrastructure/httpapi/httpproxy.go:818.94,820.3 1 1
network-debugger/internal/infrastructure/httpapi/httpproxy.go:823.2,823.90 1 4
network-debugger/internal/infrastructure/httpapi/httpproxy.go:823.90,825.3 1 1
network-debugger/internal/infrastructure/httpapi/httpproxy.go:828.2,828.61 1 3
network-debugger/internal/infrastructure/httpapi/httpproxy.go:828.61,830.3 1 1
network-debugger/internal/infrastructure/httpapi/httpproxy.go:833.2,833.55 1 2
network-debugger/internal/infrastructure/httpapi/httpproxy.go:833.55,835.3 1 1
network-debugger/internal/infrastructure/httpapi/httpproxy.go:838.2,838.97 1 1
network-debugger/internal/infrastructure/httpapi/httpproxy.go:838.97,840.3 1 1
network-debugger/internal/infrastructure/httpapi/httpproxy.go:843.2,843.33 1 0
network-debugger/internal/infrastructure/httpapi/httpproxy_unified.go:18.75,19.27 1 0
network-debugger/internal/infrastructure/httpapi/httpproxy_unified.go:19.27,22.3 2 0
network-debugger/internal/infrastructure/httpapi/httpproxy_unified.go:23.2,23.25 1 0
network-debugger/internal/infrastructure/httpapi/httpproxy_unified.go:26.47,27.44 1 0
network-debugger/internal/infrastructure/httpapi/httpproxy_unified.go:27.44,29.3 1 0
network-debugger/internal/infrastructure/httpapi/httpproxy_unified.go:31.2,31.92 1 0
network-debugger/internal/infrastructure/httpapi/httpproxy_unified.go:31.92,33.3 1 0
network-debugger/internal/infrastructure/httpapi/httpproxy_unified.go:34.2,34.14 1 0
network-debugger/internal/infrastructure/httpapi/httpproxy_unified.go:38.54,51.21 2 0
network-debugger/internal/infrastructure/httpapi/httpproxy_unified.go:51.21,53.3 1 0
network-debugger/internal/infrastructure/httpapi/httpproxy_unified.go:55.2,56.11 2 0
network-debugger/internal/infrastructure/httpapi/live.go:22.38,24.2 1 0
network-debugger/internal/infrastructure/httpapi/live.go:26.86,27.21 1 0
network-debugger/internal/infrastructure/httpapi/live.go:27.21,29.3 1 0
network-debugger/internal/infrastructure/httpapi/live.go:30.2,32.16 3 0
network-debugger/internal/infrastructure/httpapi/live.go:35.54,36.21 1 0
network-debugger/internal/infrastructure/httpapi/live.go:36.21,38.3 1 0
network-debugger/internal/infrastructure/httpapi/live.go:39.2,41.16 3 0
network-debugger/internal/infrastructure/httpapi/live.go:45.36,47.26 2 0
network-debugger/internal/infrastructure/httpapi/live.go:47.26,48.22 1 0
network-debugger/internal/infrastructure/httpapi/live.go:48.22,50.4 1 0
network-debugger/internal/infrastructure/httpapi/live.go:51.3,51.24 1 0
network-debugger/internal/infrastructure/httpapi/live.go:51.24,53.4 1 0
network-debugger/internal/infrastructure/httpapi/live.go:54.3,54.19 1 0
network-debugger/internal/infrastructure/httpapi/live.go:56.2,56.16 1 0
network-debugger/internal/infrastructure/httpapi/live.go:61.92,65.14 4 0
network-debugger/internal/infrastructure/httpapi/live.go:65.14,67.3 1 0
network-debugger/internal/infrastructure/httpapi/live.go:68.2,68.19 1 0
network-debugger/internal/infrastructure/httpapi/live.go:69.26,70.24 1 0
network-debugger/internal/infrastructure/httpapi/live.go:70.24,72.4 1 0
network-debugger/internal/infrastructure/httpapi/live.go:73.3,75.73 3 0
network-debugger/internal/infrastructure/httpapi/live.go:76.26,77.22 1 0
network-debugger/internal/infrastructure/httpapi/live.go:77.22,79.4 1 0
network-debugger/internal/infrastructure/httpapi/live.go:80.3,82.71 3 0
network-debugger/internal/infrastructure/httpapi/live.go:83.10,84.41 1 0
network-debugger/internal/infrastructure/httpapi/mitm.go:33.78,35.16 2 0
network-debugger/internal/infrastructure/httpapi/mitm.go:35.16,37.3 1 0
network-debugger/internal/infrastructure/httpapi/mitm.go:38.2,39.16 2 0
network-debugger/internal/infrastructure/httpapi/mitm.go:39.16,41.3 1 0
network-debugger/internal/infrastructure/httpapi/mitm.go:42.2,43.49 2 0
network-debugger/internal/infrastructure/httpapi/mitm.go:43.49,45.3 1 0
network-debugger/internal/infrastructure/httpapi/mitm.go:46.2,47.16 2 0
network-debugger/internal/infrastructure/httpapi/mitm.go:47.16,49.3 1 0
network-debugger/internal/infrastructure/httpapi/mitm.go:50.2,51.17 2 0
network-debugger/internal/infrastructure/httpapi/mitm.go:51.17,53.3 1 0
network-debugger/internal/infrastructure/httpapi/mitm.go:54.2,55.36 2 0
network-debugger/internal/infrastructure/httpapi/mitm.go:55.36,57.17 2 0
network-debugger/internal/infrastructure/httpapi/mitm.go:57.17,59.4 1 0
network-debugger/internal/infrastructure/httpapi/mitm.go:60.8,60.39 1 0
network-debugger/internal/infrastructure/httpapi/mitm.go:60.39,62.17 2 0
network-debugger/internal/infrastructure/httpapi/mitm.go:62.17,64.4 1 0
network-debugger/internal/infrastructure/httpapi/mitm.go:65.3,67.10 3 0
network-debugger/internal/infrastructure/httpapi/mitm.go:67.10,69.4 1 0
network-debugger/internal/infrastructure/httpapi/mitm.go:70.8,72.3 1 0
network-debugger/internal/infrastructure/httpapi/mitm.go:73.2,74.16 2 0
network-debugger/internal/infrastructure/httpapi/mitm.go:74.16,76.3 1 0
network-debugger/internal/infrastructure/httpapi/mitm.go:77.2,83.8 1 0
network-debugger/internal/infrastructure/httpapi/mitm.go:87.79,89.49 2 0
network-debugger/internal/infrastructure/httpapi/mitm.go:89.49,91.3 1 0
network-debugger/internal/infrastructure/httpapi/mitm.go:92.2,93.16 2 0
network-debugger/internal/infrastructure/httpapi/mitm.go:93.16,95.3 1 0
network-debugger/internal/infrastructure/httpapi/mitm.go:96.2,97.17 2 0
network-debugger/internal/infrastructure/httpapi/mitm.go:97.17,99.3 1 0
network-debugger/internal/infrastructure/httpapi/mitm.go:100.2,101.36 2 0
network-debugger/internal/infrastructure/httpapi/mitm.go:101.36,103.17 2 0
network-debugger/internal/infrastructure/httpapi/mitm.go:103.17,105.4 1 0
network-debugger/internal/infrastructure/httpapi/mitm.go:106.8,106.39 1 0
network-debugger/internal/infrastructure/httpapi/mitm.go:106.39,108.17 2 0
network-debugger/internal/infrastructure/httpapi/mitm.go:108.17,110.4 1 0
network-debugger/internal/infrastructure/httpapi/mitm.go:111.3,113.10 3 0
network-debugger/internal/infrastructure/httpapi/mitm.go:113.10,115.4 1 0
network-debugger/internal/infrastructure/httpapi/mitm.go:116.8,118.3 1 0
network-debugger/internal/infrastructure/httpapi/mitm.go:119.2,120.16 2 0
network-debugger/internal/infrastructure/httpapi/mitm.go:120.16,122.3 1 0
network-debugger/internal/infrastructure/httpapi/mitm.go:123.2,123.142 1 0
network-debugger/internal/infrastructure/httpapi/mitm.go:127.91,128.21 1 0
network-debugger/internal/infrastructure/httpapi/mitm.go:128.21,130.3 1 0
network-debugger/internal/infrastructure/httpapi/mitm.go:131.2,132.16 2 0
network-debugger/internal/infrastructure/httpapi/mitm.go:132.16,134.3 1 0
network-debugger/internal/infrastructure/httpapi/mitm.go:135.2,136.16 2 0
network-debugger/internal/infrastructure/httpapi/mitm.go:136.16,138.3 1 0
network-debugger/internal/infrastructure/httpapi/mitm.go:139.2,152.16 4 0
network-debugger/internal/infrastructure/httpapi/mitm.go:152.16,154.3 1 0
network-debugger/internal/infrastructure/httpapi/mitm.go:155.2,157.29 3 0
network-debugger/internal/infrastructure/httpapi/mitm.go:161.73,163.13 2 0
network-debugger/internal/infrastructure/httpapi/mitm.go:163.13,165.3 1 0
network-debugger/internal/infrastructure/httpapi/mitm.go:167.2,167.30 1 0
network-debugger/internal/infrastructure/httpapi/mitm.go:167.30,168.52 1 0
network-debugger/internal/infrastructure/httpapi/mitm.go:168.52,170.4 1 0
network-debugger/internal/infrastructure/httpapi/mitm.go:172.2,173.33 2 0
network-debugger/internal/infrastructure/httpapi/mitm.go:173.33,176.3 2 0
network-debugger/internal/infrastructure/httpapi/mitm.go:177.2,181.16 3 0
network-debugger/internal/infrastructure/httpapi/mitm.go:181.16,183.3 1 0
network-debugger/internal/infrastructure/httpapi/mitm.go:184.2,185.16 2 0
network-debugger/internal/infrastructure/httpapi/mitm.go:185.16,187.3 1 0
network-debugger/internal/infrastructure/httpapi/mitm.go:188.2,200.37 3 0
network-debugger/internal/infrastructure/httpapi/mitm.go:200.37,204.3 3 0
network-debugger/internal/infrastructure/httpapi/mitm.go:205.2,206.16 2 0
network-debugger/internal/infrastructure/httpapi/mitm.go:206.16,208.3 1 0
network-debugger/internal/infrastructure/httpapi/mitm.go:209.2,212.16 4 0
network-debugger/internal/infrastructure/httpapi/mitm.go:212.16,214.3 1 0
network-debugger/internal/infrastructure/httpapi/mitm.go:215.2,218.18 4 0
network-debugger/internal/infrastructure/httpapi/mitm.go:229.50,230.29 1 0
network-debugger/internal/infrastructure/httpapi/mitm.go:230.29,232.3 1 0
network-debugger/internal/infrastructure/httpapi/mitm.go:233.2,234.13 2 0
network-debugger/internal/infrastructure/httpapi/mitm.go:234.13,236.3 1 0
network-debugger/internal/infrastructure/httpapi/mitm.go:237.2,237.30 1 0
network-debugger/internal/infrastructure/httpapi/mitm.go:237.30,238.52 1 0
network-debugger/internal/infrastructure/httpapi/mitm.go:238.52,240.4 1 0
network-debugger/internal/infrastructure/httpapi/mitm.go:242.2,243.33 2 0
network-debugger/internal/infrastructure/httpapi/mitm.go:243.33,245.55 2 0
network-debugger/internal/infrastructure/httpapi/mitm.go:245.55,247.4 1 0
network-debugger/internal/infrastructure/httpapi/mitm.go:249.2,249.29 1 0
network-debugger/internal/infrastructure/httpapi/mitm.go:249.29,251.3 1 0
network-debugger/internal/infrastructure/httpapi/mitm.go:252.2,252.34 1 0
network-debugger/internal/infrastructure/httpapi/mitm.go:252.34,254.55 2 0
network-debugger/internal/infrastructure/httpapi/mitm.go:254.55,256.4 1 0
network-debugger/internal/infrastructure/httpapi/mitm.go:258.2,258.14 1 0
network-debugger/internal/infrastructure/httpapi/mitm.go:262.55,264.2 1 0
network-debugger/internal/infrastructure/httpapi/mitm_handlers.go:10.75,11.32 1 0
network-debugger/internal/infrastructure/httpapi/mitm_handlers.go:11.32,14.3 2 0
network-debugger/internal/infrastructure/httpapi/mitm_handlers.go:15.2,23.36 4 0
network-debugger/internal/infrastructure/httpapi/mitm_handlers.go:27.74,28.32 1 0
network-debugger/internal/infrastructure/httpapi/mitm_handlers.go:28.32,31.3 2 0
network-debugger/internal/infrastructure/httpapi/mitm_handlers.go:32.2,32.82 1 0
network-debugger/internal/infrastructure/httpapi/mitm_handlers.go:32.82,35.3 2 0
network-debugger/internal/infrastructure/httpapi/mitm_handlers.go:37.2,39.50 3 0
network-debugger/internal/infrastructure/httpapi/mitm_handlers.go:39.50,41.18 1 0
network-debugger/internal/infrastructure/httpapi/mitm_handlers.go:41.18,42.12 1 0
network-debugger/internal/infrastructure/httpapi/mitm_handlers.go:44.3,44.26 1 0
network-debugger/internal/infrastructure/httpapi/mitm_handlers.go:50.77,51.33 1 0
network-debugger/internal/infrastructure/httpapi/mitm_handlers.go:51.33,54.3 2 0
network-debugger/internal/infrastructure/httpapi/mitm_handlers.go:55.2,59.17 3 0
network-debugger/internal/infrastructure/httpapi/mitm_handlers.go:59.17,61.3 1 0
network-debugger/internal/infrastructure/httpapi/mitm_handlers.go:62.2,63.16 2 0
network-debugger/internal/infrastructure/httpapi/mitm_handlers.go:63.16,66.3 2 0
network-debugger/internal/infrastructure/httpapi/mitm_handlers.go:68.2,68.72 1 0
network-debugger/internal/infrastructure/httpapi/mitm_handlers.go:68.72,69.20 1 0
network-debugger/internal/infrastructure/httpapi/mitm_handlers.go:69.20,71.4 1 0
network-debugger/internal/infrastructure/httpapi/mitm_handlers.go:72.3,72.17 1 0
network-debugger/internal/infrastructure/httpapi/mitm_handlers.go:74.2,75.104 2 0
network-debugger/internal/infrastructure/httpapi/mitm_handlers.go:79.61,81.16 2 0
network-debugger/internal/infrastructure/httpapi/mitm_handlers.go:81.16,83.3 1 0
network-debugger/internal/infrastructure/httpapi/mitm_handlers.go:84.2,87.34 3 0
network-debugger/internal/infrastructure/httpapi/mitm_handlers.go:87.34,89.17 2 0
network-debugger/internal/infrastructure/httpapi/mitm_handlers.go:89.17,91.4 1 0
network-debugger/internal/infrastructure/httpapi/mitm_handlers.go:92.3,92.44 1 0
network-debugger/internal/infrastructure/httpapi/mitm_handlers.go:92.44,94.4 1 0
network-debugger/internal/infrastructure/httpapi/mitm_handlers.go:95.3,95.50 1 0
network-debugger/internal/infrastructure/httpapi/mitm_handlers.go:95.50,97.4 1 0
network-debugger/internal/infrastructure/httpapi/mitm_handlers.go:99.2,100.12 2 0
network-debugger/internal/infrastructure/httpapi/monitor.go:35.34,38.73 1 0
network-debugger/internal/infrastructure/httpapi/monitor.go:38.73,38.88 1 0
network-debugger/internal/infrastructure/httpapi/monitor.go:43.71,45.16 2 0
network-debugger/internal/infrastructure/httpapi/monitor.go:45.16,47.3 1 0
network-debugger/internal/infrastructure/httpapi/monitor.go:48.5,53.54 5 0
network-debugger/internal/infrastructure/httpapi/monitor.go:53.54,54.30 1 0
network-debugger/internal/infrastructure/httpapi/monitor.go:54.30,56.81 2 0
network-debugger/internal/infrastructure/httpapi/monitor.go:56.81,57.22 1 0
network-debugger/internal/infrastructure/httpapi/monitor.go:60.9,60.25 1 0
network-debugger/internal/infrastructure/httpapi/monitor.go:62.2,63.6 2 0
network-debugger/internal/infrastructure/httpapi/monitor.go:63.6,65.47 1 0
network-debugger/internal/infrastructure/httpapi/monitor.go:65.47,66.9 1 0
network-debugger/internal/infrastructure/httpapi/monitor.go:69.2,70.35 2 0
network-debugger/internal/infrastructure/httpapi/monitor.go:70.35,73.6 2 0
network-debugger/internal/infrastructure/httpapi/monitor.go:74.2,74.15 1 0
network-debugger/internal/infrastructure/httpapi/monitor.go:77.49,82.34 4 0
network-debugger/internal/infrastructure/httpapi/monitor.go:82.34,84.3 1 0
network-debugger/internal/infrastructure/httpapi/monitor.go:85.2,89.30 4 0
network-debugger/internal/infrastructure/httpapi/monitor.go:89.30,91.3 1 0
network-debugger/internal/infrastructure/httpapi/monitor.go:92.2,94.29 2 0
network-debugger/internal/infrastructure/httpapi/monitor.go:94.29,95.16 1 0
network-debugger/internal/infrastructure/httpapi/monitor.go:95.34,95.34 0 0
network-debugger/internal/infrastructure/httpapi/monitor.go:95.43,95.43 0 0
network-debugger/internal/infrastructure/httpapi/monitor.go:98.2,98.26 1 0
network-debugger/internal/infrastructure/httpapi/monitor.go:98.26,99.10 1 0
network-debugger/internal/infrastructure/httpapi/monitor.go:100.17,100.17 0 0
network-debugger/internal/infrastructure/httpapi/monitor.go:101.11,101.11 0 0
network-debugger/internal/infrastructure/httpapi/monitor.go:107.52,113.2 5 0
network-debugger/internal/infrastructure/httpapi/monitor.go:116.56,118.34 2 0
network-debugger/internal/infrastructure/httpapi/monitor.go:118.34,121.3 2 0
network-debugger/internal/infrastructure/httpapi/monitor.go:122.2,122.16 1 0
network-debugger/internal/infrastructure/httpapi/preview.go:17.52,18.30 1 0
network-debugger/internal/infrastructure/httpapi/preview.go:18.30,20.3 1 0
network-debugger/internal/infrastructure/httpapi/preview.go:21.2,21.15 1 0
network-debugger/internal/infrastructure/httpapi/preview.go:21.15,23.3 1 0
network-debugger/internal/infrastructure/httpapi/preview.go:24.2,27.25 4 0
network-debugger/internal/infrastructure/httpapi/preview.go:27.25,30.14 3 0
network-debugger/internal/infrastructure/httpapi/preview.go:30.14,32.4 1 0
network-debugger/internal/infrastructure/httpapi/preview.go:34.2,34.20 1 0
network-debugger/internal/infrastructure/httpapi/router.go:27.94,31.2 2 0
network-debugger/internal/infrastructure/httpapi/router.go:33.46,39.2 3 0
network-debugger/internal/infrastructure/httpapi/router.go:43.57,46.2 1 0
network-debugger/internal/infrastructure/httpapi/router.go:49.43,58.74 5 0
network-debugger/internal/infrastructure/httpapi/router.go:58.74,61.3 2 0
network-debugger/internal/infrastructure/httpapi/router.go:62.2,62.73 1 0
network-debugger/internal/infrastructure/httpapi/router.go:62.73,65.3 2 0
network-debugger/internal/infrastructure/httpapi/router.go:67.2,69.78 2 0
network-debugger/internal/infrastructure/httpapi/router.go:69.78,76.3 2 0
network-debugger/internal/infrastructure/httpapi/router.go:79.2,81.80 2 0
network-debugger/internal/infrastructure/httpapi/router.go:81.80,82.48 1 0
network-debugger/internal/infrastructure/httpapi/router.go:82.48,85.4 2 0
network-debugger/internal/infrastructure/httpapi/router.go:86.3,86.28 1 0
network-debugger/internal/infrastructure/httpapi/router.go:90.2,112.82 9 0
network-debugger/internal/infrastructure/httpapi/router.go:112.82,119.3 2 0
network-debugger/internal/infrastructure/httpapi/router.go:120.2,137.12 13 0
network-debugger/internal/infrastructure/httpapi/router.go:140.61,141.71 1 0
network-debugger/internal/infrastructure/httpapi/router.go:141.71,143.97 1 0
network-debugger/internal/infrastructure/httpapi/router.go:143.97,146.4 2 0
network-debugger/internal/infrastructure/httpapi/router.go:147.3,147.20 1 0
network-debugger/internal/infrastructure/httpapi/router.go:151.63,152.71 1 0
network-debugger/internal/infrastructure/httpapi/router.go:152.71,156.37 4 0
network-debugger/internal/infrastructure/httpapi/router.go:156.37,159.4 2 0
network-debugger/internal/infrastructure/httpapi/router.go:160.3,160.20 1 0
network-debugger/internal/infrastructure/httpapi/sessions_handlers.go:16.75,17.35 1 0
network-debugger/internal/infrastructure/httpapi/sessions_handlers.go:17.35,18.53 1 0
network-debugger/internal/infrastructure/httpapi/sessions_handlers.go:18.53,21.4 2 0
network-debugger/internal/infrastructure/httpapi/sessions_handlers.go:23.3,23.20 1 0
network-debugger/internal/infrastructure/httpapi/sessions_handlers.go:23.20,25.4 1 0
network-debugger/internal/infrastructure/httpapi/sessions_handlers.go:27.3,27.23 1 0
network-debugger/internal/infrastructure/httpapi/sessions_handlers.go:27.23,29.4 1 0
network-debugger/internal/infrastructure/httpapi/sessions_handlers.go:30.3,31.9 2 0
network-debugger/internal/infrastructure/httpapi/sessions_handlers.go:33.2,36.16 4 0
network-debugger/internal/infrastructure/httpapi/sessions_handlers.go:36.16,38.3 1 0
network-debugger/internal/infrastructure/httpapi/sessions_handlers.go:39.2,42.16 4 0
network-debugger/internal/infrastructure/httpapi/sessions_handlers.go:42.16,45.3 2 0
network-debugger/internal/infrastructure/httpapi/sessions_handlers.go:46.2,47.79 2 0
network-debugger/internal/infrastructure/httpapi/sessions_handlers.go:50.74,55.14 4 0
network-debugger/internal/infrastructure/httpapi/sessions_handlers.go:55.14,58.3 2 0
network-debugger/internal/infrastructure/httpapi/sessions_handlers.go:59.2,59.21 1 0
network-debugger/internal/infrastructure/httpapi/sessions_handlers.go:59.21,60.36 1 0
network-debugger/internal/infrastructure/httpapi/sessions_handlers.go:60.36,64.4 3 0
network-debugger/internal/infrastructure/httpapi/sessions_handlers.go:65.3,66.17 2 0
network-debugger/internal/infrastructure/httpapi/sessions_handlers.go:66.17,69.4 2 0
network-debugger/internal/infrastructure/httpapi/sessions_handlers.go:70.3,70.10 1 0
network-debugger/internal/infrastructure/httpapi/sessions_handlers.go:70.10,73.4 2 0
network-debugger/internal/infrastructure/httpapi/sessions_handlers.go:74.3,76.9 3 0
network-debugger/internal/infrastructure/httpapi/sessions_handlers.go:78.2,78.18 1 0
network-debugger/internal/infrastructure/httpapi/sessions_handlers.go:79.16,81.17 2 0
network-debugger/internal/infrastructure/httpapi/sessions_handlers.go:81.17,83.4 1 0
network-debugger/internal/infrastructure/httpapi/sessions_handlers.go:84.3,86.17 3 0
network-debugger/internal/infrastructure/httpapi/sessions_handlers.go:86.17,89.4 2 0
network-debugger/internal/infrastructure/httpapi/sessions_handlers.go:90.3,91.79 2 0
network-debugger/internal/infrastructure/httpapi/sessions_handlers.go:92.16,94.17 2 0
network-debugger/internal/infrastructure/httpapi/sessions_handlers.go:94.17,96.4 1 0
network-debugger/internal/infrastructure/httpapi/sessions_handlers.go:97.3,99.17 3 0
network-debugger/internal/infrastructure/httpapi/sessions_handlers.go:99.17,102.4 2 0
network-debugger/internal/infrastructure/httpapi/sessions_handlers.go:104.3,114.28 3 0
network-debugger/internal/infrastructure/httpapi/sessions_handlers.go:114.28,124.4 1 0
network-debugger/internal/infrastructure/httpapi/sessions_handlers.go:125.3,126.76 2 0
network-debugger/internal/infrastructure/httpapi/sessions_handlers.go:127.14,129.17 2 0
network-debugger/internal/infrastructure/httpapi/sessions_handlers.go:129.17,131.4 1 0
network-debugger/internal/infrastructure/httpapi/sessions_handlers.go:132.3,134.17 3 0
network-debugger/internal/infrastructure/httpapi/sessions_handlers.go:134.17,137.4 2 0
network-debugger/internal/infrastructure/httpapi/sessions_handlers.go:138.3,139.76 2 0
network-debugger/internal/infrastructure/httpapi/sessions_handlers.go:140.13,143.9 2 0
network-debugger/internal/infrastructure/httpapi/sessions_handlers.go:144.16,147.17 2 0
network-debugger/internal/infrastructure/httpapi/sessions_handlers.go:147.17,150.4 2 0
network-debugger/internal/infrastructure/httpapi/sessions_handlers.go:151.3,151.10 1 0
network-debugger/internal/infrastructure/httpapi/sessions_handlers.go:151.10,154.4 2 0
network-debugger/internal/infrastructure/httpapi/sessions_handlers.go:156.9,157.85 2 0
network-debugger/internal/infrastructure/httpapi/sessions_handlers.go:157.85,159.10 1 0
network-debugger/internal/infrastructure/httpapi/sessions_handlers.go:159.15,159.94 1 0
network-debugger/internal/infrastructure/httpapi/sessions_handlers.go:159.94,161.10 1 0
network-debugger/internal/infrastructure/httpapi/sessions_handlers.go:162.9,166.20 5 0
network-debugger/internal/infrastructure/httpapi/sessions_handlers.go:166.20,170.10 3 0
network-debugger/internal/infrastructure/httpapi/sessions_handlers.go:170.15,172.10 1 0
network-debugger/internal/infrastructure/httpapi/sessions_handlers.go:173.9,173.25 1 0
network-debugger/internal/infrastructure/httpapi/sessions_handlers.go:173.25,174.26 1 0
network-debugger/internal/infrastructure/httpapi/sessions_handlers.go:174.26,174.44 1 0
network-debugger/internal/infrastructure/httpapi/sessions_handlers.go:175.13,175.46 1 0
network-debugger/internal/infrastructure/httpapi/sessions_handlers.go:175.46,175.59 1 0
network-debugger/internal/infrastructure/httpapi/sessions_handlers.go:177.9,177.33 1 0
network-debugger/internal/infrastructure/httpapi/sessions_handlers.go:177.33,177.62 1 0
network-debugger/internal/infrastructure/httpapi/sessions_handlers.go:178.9,184.7 7 0
network-debugger/internal/infrastructure/httpapi/sessions_handlers.go:184.7,186.18 2 0
network-debugger/internal/infrastructure/httpapi/sessions_handlers.go:186.18,186.25 1 0
network-debugger/internal/infrastructure/httpapi/sessions_handlers.go:187.4,187.30 1 0
network-debugger/internal/infrastructure/httpapi/sessions_handlers.go:187.30,189.27 2 0
network-debugger/internal/infrastructure/httpapi/sessions_handlers.go:189.27,189.49 1 0
network-debugger/internal/infrastructure/httpapi/sessions_handlers.go:189.54,189.72 1 0
network-debugger/internal/infrastructure/httpapi/sessions_handlers.go:190.17,190.26 1 0
network-debugger/internal/infrastructure/httpapi/sessions_handlers.go:192.13,193.18 2 0
network-debugger/internal/infrastructure/httpapi/sessions_handlers.go:193.18,193.25 1 0
network-debugger/internal/infrastructure/httpapi/sessions_handlers.go:194.4,194.15 1 0
network-debugger/internal/infrastructure/httpapi/sessions_handlers.go:196.9,199.7 4 0
network-debugger/internal/infrastructure/httpapi/sessions_handlers.go:199.7,201.18 2 0
network-debugger/internal/infrastructure/httpapi/sessions_handlers.go:201.18,201.25 1 0
network-debugger/internal/infrastructure/httpapi/sessions_handlers.go:202.4,202.25 1 0
network-debugger/internal/infrastructure/httpapi/sessions_handlers.go:202.25,204.27 2 0
network-debugger/internal/infrastructure/httpapi/sessions_handlers.go:204.27,204.49 1 0
network-debugger/internal/infrastructure/httpapi/sessions_handlers.go:204.54,204.72 1 0
network-debugger/internal/infrastructure/httpapi/sessions_handlers.go:205.17,205.26 1 0
network-debugger/internal/infrastructure/httpapi/sessions_handlers.go:207.13,208.18 2 0
network-debugger/internal/infrastructure/httpapi/sessions_handlers.go:208.18,208.25 1 0
network-debugger/internal/infrastructure/httpapi/sessions_handlers.go:209.4,209.15 1 0
network-debugger/internal/infrastructure/httpapi/sessions_handlers.go:211.9,212.22 2 0
network-debugger/internal/infrastructure/httpapi/sessions_handlers.go:212.22,212.40 1 0
network-debugger/internal/infrastructure/httpapi/sessions_handlers.go:213.3,213.9 1 0
network-debugger/internal/infrastructure/httpapi/sessions_handlers.go:214.10,215.77 1 0
network-debugger/internal/infrastructure/httpapi/sessions_handlers.go:224.77,225.35 1 0
network-debugger/internal/infrastructure/httpapi/sessions_handlers.go:225.35,226.53 1 0
network-debugger/internal/infrastructure/httpapi/sessions_handlers.go:226.53,229.4 2 0
network-debugger/internal/infrastructure/httpapi/sessions_handlers.go:231.3,231.20 1 0
network-debugger/internal/infrastructure/httpapi/sessions_handlers.go:231.20,233.4 1 0
network-debugger/internal/infrastructure/httpapi/sessions_handlers.go:234.3,234.23 1 0
network-debugger/internal/infrastructure/httpapi/sessions_handlers.go:234.23,236.4 1 0
network-debugger/internal/infrastructure/httpapi/sessions_handlers.go:237.3,238.9 2 0
network-debugger/internal/infrastructure/httpapi/sessions_handlers.go:240.2,243.32 4 0
network-debugger/internal/infrastructure/httpapi/sessions_handlers.go:243.32,245.3 1 0
network-debugger/internal/infrastructure/httpapi/sessions_handlers.go:248.2,252.18 4 0
network-debugger/internal/infrastructure/httpapi/sessions_handlers.go:252.18,253.26 1 0
network-debugger/internal/infrastructure/httpapi/sessions_handlers.go:253.26,256.4 2 0
network-debugger/internal/infrastructure/httpapi/sessions_handlers.go:256.9,256.56 1 0
network-debugger/internal/infrastructure/httpapi/sessions_handlers.go:256.56,258.4 1 0
network-debugger/internal/infrastructure/httpapi/sessions_handlers.go:260.2,260.80 1 0
network-debugger/internal/infrastructure/httpapi/sessions_handlers.go:260.80,262.3 1 0
network-debugger/internal/infrastructure/httpapi/sessions_handlers.go:263.2,263.44 1 0
network-debugger/internal/infrastructure/httpapi/sessions_handlers.go:263.44,266.3 2 0
network-debugger/internal/infrastructure/httpapi/sessions_handlers.go:267.2,268.16 2 0
network-debugger/internal/infrastructure/httpapi/sessions_handlers.go:268.16,271.3 2 0
network-debugger/internal/infrastructure/httpapi/sessions_handlers.go:273.2,274.26 2 0
network-debugger/internal/infrastructure/httpapi/sessions_handlers.go:274.26,277.36 3 0
network-debugger/internal/infrastructure/httpapi/sessions_handlers.go:277.36,280.4 2 0
network-debugger/internal/infrastructure/httpapi/sessions_handlers.go:281.3,281.18 1 0
network-debugger/internal/infrastructure/httpapi/sessions_handlers.go:281.18,283.4 1 0
network-debugger/internal/infrastructure/httpapi/sessions_handlers.go:284.3,284.16 1 0
network-debugger/internal/infrastructure/httpapi/sessions_handlers.go:284.16,286.4 1 0
network-debugger/internal/infrastructure/httpapi/sessions_handlers.go:287.3,287.30 1 0
network-debugger/internal/infrastructure/httpapi/sessions_handlers.go:289.2,291.26 3 0
network-debugger/internal/infrastructure/httpapi/sessions_handlers.go:291.26,293.3 1 0
network-debugger/internal/infrastructure/httpapi/sessions_handlers.go:294.2,294.77 1 0
network-debugger/internal/infrastructure/httpapi/sessions_handlers.go:298.76,302.14 4 0
network-debugger/internal/infrastructure/httpapi/sessions_handlers.go:302.14,305.3 2 0
network-debugger/internal/infrastructure/httpapi/sessions_handlers.go:306.2,306.21 1 0
network-debugger/internal/infrastructure/httpapi/sessions_handlers.go:306.21,307.36 1 0
network-debugger/internal/infrastructure/httpapi/sessions_handlers.go:307.36,311.4 3 0
network-debugger/internal/infrastructure/httpapi/sessions_handlers.go:312.3,313.17 2 0
network-debugger/internal/infrastructure/httpapi/sessions_handlers.go:313.17,316.4 2 0
network-debugger/internal/infrastructure/httpapi/sessions_handlers.go:317.3,317.10 1 0
network-debugger/internal/infrastructure/httpapi/sessions_handlers.go:317.10,320.4 2 0
network-debugger/internal/infrastructure/httpapi/sessions_handlers.go:321.3,323.39 3 0
network-debugger/internal/infrastructure/httpapi/sessions_handlers.go:323.39,326.4 2 0
network-debugger/internal/infrastructure/httpapi/sessions_handlers.go:327.3,327.18 1 0
network-debugger/internal/infrastructure/httpapi/sessions_handlers.go:327.18,329.4 1 0
network-debugger/internal/infrastructure/httpapi/sessions_handlers.go:330.3,330.16 1 0
network-debugger/internal/infrastructure/httpapi/sessions_handlers.go:330.16,332.4 1 0
network-debugger/internal/infrastructure/httpapi/sessions_handlers.go:333.3,335.9 3 0
network-debugger/internal/infrastructure/httpapi/sessions_handlers.go:337.2,337.18 1 0
network-debugger/internal/infrastructure/httpapi/sessions_handlers.go:338.16,340.17 2 0
network-debugger/internal/infrastructure/httpapi/sessions_handlers.go:340.17,342.4 1 0
network-debugger/internal/infrastructure/httpapi/sessions_handlers.go:343.3,345.17 3 0
network-debugger/internal/infrastructure/httpapi/sessions_handlers.go:345.17,348.4 2 0
network-debugger/internal/infrastructure/httpapi/sessions_handlers.go:349.3,350.79 2 0
network-debugger/internal/infrastructure/httpapi/sessions_handlers.go:351.16,353.17 2 0
network-debugger/internal/infrastructure/httpapi/sessions_handlers.go:353.17,355.4 1 0
network-debugger/internal/infrastructure/httpapi/sessions_handlers.go:356.3,358.17 3 0
network-debugger/internal/infrastructure/httpapi/sessions_handlers.go:358.17,361.4 2 0
network-debugger/internal/infrastructure/httpapi/sessions_handlers.go:362.3,363.79 2 0
network-debugger/internal/infrastructure/httpapi/sessions_handlers.go:364.14,368.94 3 0
network-debugger/internal/infrastructure/httpapi/sessions_handlers.go:369.10,370.77 1 0
network-debugger/internal/infrastructure/httpapi/sessions_handlers.go:375.82,379.16 2 0
network-debugger/internal/infrastructure/httpapi/sessions_handlers.go:379.16,382.3 2 0
network-debugger/internal/infrastructure/httpapi/sessions_handlers.go:383.2,384.26 2 0
network-debugger/internal/infrastructure/httpapi/sessions_handlers.go:384.26,386.45 2 0
network-debugger/internal/infrastructure/httpapi/sessions_handlers.go:386.45,388.4 1 0
network-debugger/internal/infrastructure/httpapi/sessions_handlers.go:389.3,389.47 1 0
network-debugger/internal/infrastructure/httpapi/sessions_handlers.go:389.47,391.4 1 0
network-debugger/internal/infrastructure/httpapi/sessions_handlers.go:392.3,392.13 1 0
network-debugger/internal/infrastructure/httpapi/sessions_handlers.go:394.2,401.24 3 0
network-debugger/internal/infrastructure/httpapi/sessions_handlers.go:401.24,403.3 1 0
network-debugger/internal/infrastructure/httpapi/sessions_handlers.go:404.2,405.36 2 0
network-debugger/internal/infrastructure/httpapi/sessions_handlers.go:409.72,414.9 3 0
network-debugger/internal/infrastructure/httpapi/sessions_handlers.go:414.9,417.3 2 0
network-debugger/internal/infrastructure/httpapi/sessions_handlers.go:418.2,422.18 2 0
network-debugger/internal/infrastructure/httpapi/sessions_handlers.go:423.22,426.68 3 0
network-debugger/internal/infrastructure/httpapi/sessions_handlers.go:427.23,433.14 4 0
network-debugger/internal/infrastructure/httpapi/sessions_handlers.go:434.16,437.70 3 0
network-debugger/internal/infrastructure/httpapi/sessions_handlers.go:438.15,441.71 3 0
network-debugger/internal/infrastructure/httpapi/sessions_handlers.go:442.11,443.88 1 0
network-debugger/internal/infrastructure/httpapi/sessions_handlers.go:445.10,446.88 1 0
network-debugger/internal/infrastructure/httpapi/sessions_handlers.go:450.73,454.26 3 0
network-debugger/internal/infrastructure/httpapi/sessions_handlers.go:454.26,455.25 1 0
network-debugger/internal/infrastructure/httpapi/sessions_handlers.go:455.25,457.4 1 0
network-debugger/internal/infrastructure/httpapi/sessions_handlers.go:460.2,460.48 1 0
network-debugger/internal/infrastructure/httpapi/sessions_handlers.go:460.48,461.69 1 0
network-debugger/internal/infrastructure/httpapi/sessions_handlers.go:461.69,464.4 2 0
network-debugger/internal/infrastructure/httpapi/sessions_handlers.go:466.2,467.23 2 0
network-debugger/internal/infrastructure/httpapi/sessions_handlers.go:467.23,469.3 1 0
network-debugger/internal/infrastructure/httpapi/sessions_handlers.go:470.2,471.61 2 0
network-debugger/internal/infrastructure/httpapi/sessions_handlers.go:475.54,478.2 1 0
network-debugger/internal/infrastructure/httpapi/sessions_handlers.go:530.98,532.33 2 0
network-debugger/internal/infrastructure/httpapi/sessions_handlers.go:532.33,534.3 1 0
network-debugger/internal/infrastructure/httpapi/sessions_handlers.go:535.2,549.81 6 0
network-debugger/internal/infrastructure/httpapi/sessions_handlers.go:549.81,550.41 1 0
network-debugger/internal/infrastructure/httpapi/sessions_handlers.go:550.41,552.75 2 0
network-debugger/internal/infrastructure/httpapi/sessions_handlers.go:552.75,553.13 1 0
network-debugger/internal/infrastructure/httpapi/sessions_handlers.go:555.4,555.81 1 0
network-debugger/internal/infrastructure/httpapi/sessions_handlers.go:555.81,556.54 1 0
network-debugger/internal/infrastructure/httpapi/sessions_handlers.go:556.54,558.6 1 0
network-debugger/internal/infrastructure/httpapi/sessions_handlers.go:560.4,560.79 1 0
network-debugger/internal/infrastructure/httpapi/sessions_handlers.go:560.79,561.54 1 0
network-debugger/internal/infrastructure/httpapi/sessions_handlers.go:561.54,563.6 1 0
network-debugger/internal/infrastructure/httpapi/sessions_handlers.go:565.4,565.47 1 0
network-debugger/internal/infrastructure/httpapi/sessions_handlers.go:565.47,566.10 1 0
network-debugger/internal/infrastructure/httpapi/sessions_handlers.go:570.2,570.24 1 0
network-debugger/internal/infrastructure/httpapi/sessions_handlers.go:570.24,572.3 1 0
network-debugger/internal/infrastructure/httpapi/sessions_handlers.go:575.2,582.20 5 0
network-debugger/internal/infrastructure/httpapi/sessions_handlers.go:585.57,587.22 2 0
network-debugger/internal/infrastructure/httpapi/sessions_handlers.go:587.22,589.3 1 0
network-debugger/internal/infrastructure/httpapi/sessions_handlers.go:590.2,590.12 1 0
network-debugger/internal/infrastructure/httpapi/sessions_handlers.go:593.29,594.23 1 0
network-debugger/internal/infrastructure/httpapi/sessions_handlers.go:595.14,596.11 1 0
network-debugger/internal/infrastructure/httpapi/sessions_handlers.go:597.10,599.19 2 0
network-debugger/internal/infrastructure/httpapi/sessions_handlers.go:603.71,604.16 1 0
network-debugger/internal/infrastructure/httpapi/sessions_handlers.go:604.16,606.3 1 0
network-debugger/internal/infrastructure/httpapi/sessions_handlers.go:607.2,611.18 5 0
network-debugger/internal/infrastructure/httpapi/sessions_handlers.go:611.18,612.49 1 0
network-debugger/internal/infrastructure/httpapi/sessions_handlers.go:612.49,614.4 1 0
network-debugger/internal/infrastructure/httpapi/sessions_handlers.go:616.2,618.38 3 0
network-debugger/internal/infrastructure/httpapi/sessions_handlers.go:618.38,620.3 1 0
network-debugger/internal/infrastructure/httpapi/sessions_handlers.go:620.8,620.20 1 0
network-debugger/internal/infrastructure/httpapi/sessions_handlers.go:620.20,622.3 1 0
network-debugger/internal/infrastructure/httpapi/sessions_handlers.go:623.2,623.79 1 0
network-debugger/internal/infrastructure/httpapi/sessions_handlers.go:626.52,627.13 1 0
network-debugger/internal/infrastructure/httpapi/sessions_handlers.go:627.13,629.3 1 0
network-debugger/internal/infrastructure/httpapi/sessions_handlers.go:630.2,632.26 3 0
network-debugger/internal/infrastructure/httpapi/sessions_handlers.go:632.26,634.14 2 0
network-debugger/internal/infrastructure/httpapi/sessions_handlers.go:634.14,635.12 1 0
network-debugger/internal/infrastructure/httpapi/sessions_handlers.go:637.3,637.45 1 0
network-debugger/internal/infrastructure/httpapi/sessions_handlers.go:637.45,641.4 3 0
network-debugger/internal/infrastructure/httpapi/sessions_handlers.go:641.9,643.4 1 0
network-debugger/internal/infrastructure/httpapi/sessions_handlers.go:645.2,645.12 1 0
network-debugger/internal/infrastructure/httpapi/sessions_handlers.go:648.96,649.31 1 0
network-debugger/internal/infrastructure/httpapi/sessions_handlers.go:649.31,651.3 1 0
network-debugger/internal/infrastructure/httpapi/sessions_handlers.go:652.2,653.18 2 0
network-debugger/internal/infrastructure/httpapi/sessions_handlers.go:653.18,655.3 1 0
network-debugger/internal/infrastructure/httpapi/sessions_handlers.go:656.2,663.17 7 0
network-debugger/internal/infrastructure/httpapi/sessions_handlers.go:663.17,670.16 7 0
network-debugger/internal/infrastructure/httpapi/sessions_handlers.go:670.16,672.4 1 0
network-debugger/internal/infrastructure/httpapi/sessions_handlers.go:672.9,672.23 1 0
network-debugger/internal/infrastructure/httpapi/sessions_handlers.go:672.23,674.4 1 0
network-debugger/internal/infrastructure/httpapi/sessions_handlers.go:674.9,674.24 1 0
network-debugger/internal/infrastructure/httpapi/sessions_handlers.go:674.24,676.4 1 0
network-debugger/internal/infrastructure/httpapi/sessions_handlers.go:677.8,681.16 4 0
network-debugger/internal/infrastructure/httpapi/sessions_handlers.go:681.16,683.4 1 0
network-debugger/internal/infrastructure/httpapi/sessions_handlers.go:683.9,683.48 1 0
network-debugger/internal/infrastructure/httpapi/sessions_handlers.go:683.48,685.4 1 0
network-debugger/internal/infrastructure/httpapi/sessions_handlers.go:687.2,687.144 1 0
network-debugger/internal/infrastructure/httpapi/sessions_handlers.go:691.42,693.9 2 0
network-debugger/internal/infrastructure/httpapi/sessions_handlers.go:694.90,695.19 1 0
network-debugger/internal/infrastructure/httpapi/sessions_handlers.go:696.88,697.15 1 0
network-debugger/internal/infrastructure/httpapi/sessions_handlers.go:698.103,699.15 1 0
network-debugger/internal/infrastructure/httpapi/sessions_handlers.go:700.89,701.19 1 0
network-debugger/internal/infrastructure/httpapi/sessions_handlers.go:702.87,703.15 1 0
network-debugger/internal/infrastructure/httpapi/sessions_handlers.go:704.156,705.15 1 0
network-debugger/internal/infrastructure/httpapi/sessions_handlers.go:706.89,707.18 1 0
network-debugger/internal/infrastructure/httpapi/sessions_handlers.go:708.10,709.17 1 0
network-debugger/internal/infrastructure/httpapi/sessions_handlers.go:713.64,714.25 1 0
network-debugger/internal/infrastructure/httpapi/sessions_handlers.go:714.25,716.3 1 0
network-debugger/internal/infrastructure/httpapi/sessions_handlers.go:717.2,717.23 1 0
network-debugger/internal/infrastructure/httpapi/sessions_handlers.go:717.23,719.3 1 0
network-debugger/internal/infrastructure/httpapi/sessions_handlers.go:720.2,720.30 1 0
network-debugger/internal/infrastructure/httpapi/sessions_handlers.go:720.30,722.29 2 0
network-debugger/internal/infrastructure/httpapi/sessions_handlers.go:722.29,723.48 1 0
network-debugger/internal/infrastructure/httpapi/sessions_handlers.go:723.48,725.10 2 0
network-debugger/internal/infrastructure/httpapi/sessions_handlers.go:728.3,728.10 1 0
network-debugger/internal/infrastructure/httpapi/sessions_handlers.go:728.10,730.4 1 0
network-debugger/internal/infrastructure/httpapi/sessions_handlers.go:732.2,732.13 1 0
network-debugger/internal/infrastructure/httpapi/sessions_handlers.go:735.54,736.14 1 0
network-debugger/internal/infrastructure/httpapi/sessions_handlers.go:736.14,738.3 1 0
network-debugger/internal/infrastructure/httpapi/sessions_handlers.go:739.2,740.22 2 0
network-debugger/internal/infrastructure/httpapi/sessions_handlers.go:740.22,741.31 1 0
network-debugger/internal/infrastructure/httpapi/sessions_handlers.go:741.31,743.4 1 0
network-debugger/internal/infrastructure/httpapi/sessions_handlers.go:745.2,745.11 1 0
network-debugger/internal/infrastructure/httpapi/sessions_handlers.go:748.58,748.90 1 0
network-debugger/internal/infrastructure/httpapi/sessions_handlers.go:749.36,750.13 1 0
network-debugger/internal/infrastructure/httpapi/sessions_handlers.go:750.13,752.3 1 0
network-debugger/internal/infrastructure/httpapi/sessions_handlers.go:753.2,755.26 3 0
network-debugger/internal/infrastructure/httpapi/sessions_handlers.go:755.26,757.14 2 0
network-debugger/internal/infrastructure/httpapi/sessions_handlers.go:757.14,759.4 1 0
network-debugger/internal/infrastructure/httpapi/sessions_handlers.go:761.2,761.12 1 0
network-debugger/internal/infrastructure/httpapi/sessions_handlers.go:763.55,765.24 2 0
network-debugger/internal/infrastructure/httpapi/sessions_handlers.go:765.24,766.31 1 0
network-debugger/internal/infrastructure/httpapi/sessions_handlers.go:766.31,768.4 1 0
network-debugger/internal/infrastructure/httpapi/sessions_handlers.go:770.2,770.14 1 0
network-debugger/internal/infrastructure/httpapi/sessions_handlers.go:775.76,777.14 2 0
network-debugger/internal/infrastructure/httpapi/sessions_handlers.go:777.14,780.3 2 0
network-debugger/internal/infrastructure/httpapi/sessions_handlers.go:781.2,785.9 5 0
network-debugger/internal/infrastructure/httpapi/sessions_handlers.go:785.9,788.3 2 0
network-debugger/internal/infrastructure/httpapi/sessions_handlers.go:791.2,795.82 4 0
network-debugger/internal/infrastructure/httpapi/sessions_handlers.go:795.82,797.3 1 0
network-debugger/internal/infrastructure/httpapi/sessions_handlers.go:798.2,798.76 1 0
network-debugger/internal/infrastructure/httpapi/sessions_handlers.go:798.76,800.3 1 0
network-debugger/internal/infrastructure/httpapi/sessions_handlers.go:801.2,801.86 1 0
network-debugger/internal/infrastructure/httpapi/sessions_handlers.go:801.86,803.3 1 0
network-debugger/internal/infrastructure/httpapi/sessions_handlers.go:804.2,804.6 1 0
network-debugger/internal/infrastructure/httpapi/sessions_handlers.go:804.6,805.10 1 0
network-debugger/internal/infrastructure/httpapi/sessions_handlers.go:806.29,807.10 1 0
network-debugger/internal/infrastructure/httpapi/sessions_handlers.go:808.20,810.19 1 0
network-debugger/internal/infrastructure/httpapi/sessions_handlers.go:810.19,811.13 1 0
network-debugger/internal/infrastructure/httpapi/sessions_handlers.go:813.4,813.19 1 0
network-debugger/internal/infrastructure/httpapi/sessions_handlers.go:814.23,815.86 1 0
network-debugger/internal/infrastructure/httpapi/sessions_handlers.go:815.86,818.6 2 0
network-debugger/internal/infrastructure/httpapi/sessions_handlers.go:819.36,820.80 1 0
network-debugger/internal/infrastructure/httpapi/sessions_handlers.go:820.80,823.6 2 0
network-debugger/internal/infrastructure/httpapi/sessions_handlers.go:824.25,825.90 1 0
network-debugger/internal/infrastructure/httpapi/sessions_handlers.go:825.90,828.6 2 0
network-debugger/internal/infrastructure/httpapi/sessions_handlers.go:829.44,830.47 1 0
network-debugger/internal/infrastructure/httpapi/sessions_handlers.go:836.109,843.2 5 0
network-debugger/internal/infrastructure/httpapi/settings.go:21.73,22.18 1 0
network-debugger/internal/infrastructure/httpapi/settings.go:23.22,25.67 2 0
network-debugger/internal/infrastructure/httpapi/settings.go:25.67,28.4 2 0
[...]
network-debugger/internal/infrastructure/httpapi/ws_frames.go:279.10,280.55 1 0
network-debugger/internal/infrastructure/httpapi/ws_frames.go:280.55,282.4 1 0
network-debugger/internal/infrastructure/httpapi/ws_frames.go:283.3,283.48 1 0
network-debugger/internal/infrastructure/httpapi/ws_frames.go:283.48,285.4 1 0
network-debugger/internal/infrastructure/httpapi/ws_frames.go:288.2,289.23 2 0
network-debugger/internal/infrastructure/httpapi/ws_frames.go:289.23,291.24 2 0
network-debugger/internal/infrastructure/httpapi/ws_frames.go:291.24,293.4 1 0
network-debugger/internal/infrastructure/httpapi/ws_frames.go:297.2,302.111 5 0
network-debugger/internal/infrastructure/httpapi/ws_frames.go:302.111,304.19 2 0
network-debugger/internal/infrastructure/httpapi/ws_frames.go:304.19,306.24 2 0
network-debugger/internal/infrastructure/httpapi/ws_frames.go:306.24,308.5 1 0
network-debugger/internal/infrastructure/httpapi/ws_frames.go:311.2,312.36 2 0
network-debugger/internal/infrastructure/httpapi/ws_frames.go:312.36,314.20 2 0
network-debugger/internal/infrastructure/httpapi/ws_frames.go:314.20,316.4 1 0
network-debugger/internal/infrastructure/httpapi/ws_frames.go:317.3,317.28 1 0
network-debugger/internal/infrastructure/httpapi/ws_frames.go:317.28,319.4 1 0
network-debugger/internal/infrastructure/httpapi/ws_frames.go:320.3,320.44 1 0
network-debugger/internal/infrastructure/httpapi/ws_frames.go:324.2,324.89 1 0
network-debugger/internal/infrastructure/httpapi/ws_frames.go:324.89,327.15 3 0
network-debugger/internal/infrastructure/httpapi/ws_frames.go:327.15,329.20 2 0
network-debugger/internal/infrastructure/httpapi/ws_frames.go:329.20,331.5 1 0
network-debugger/internal/infrastructure/httpapi/ws_frames.go:332.4,333.18 2 0
network-debugger/internal/infrastructure/httpapi/ws_frames.go:333.18,335.5 1 0
network-debugger/internal/infrastructure/httpapi/ws_frames.go:337.4,337.46 1 0
network-debugger/internal/infrastructure/httpapi/ws_frames.go:337.46,339.5 1 0
network-debugger/internal/infrastructure/httpapi/ws_frames.go:341.4,341.38 1 0
network-debugger/internal/infrastructure/httpapi/ws_frames.go:341.38,344.20 3 0
network-debugger/internal/infrastructure/httpapi/ws_frames.go:344.20,346.6 1 0
network-debugger/internal/infrastructure/httpapi/ws_frames.go:347.5,348.18 2 0
network-debugger/internal/infrastructure/httpapi/ws_frames.go:348.18,350.32 2 0
network-debugger/internal/infrastructure/httpapi/ws_frames.go:350.32,352.7 1 0
network-debugger/internal/infrastructure/httpapi/ws_frames.go:353.6,353.45 1 0
network-debugger/internal/infrastructure/httpapi/ws_frames.go:354.11,356.6 1 0
network-debugger/internal/infrastructure/httpapi/ws_frames.go:358.4,358.81 1 0
network-debugger/internal/infrastructure/httpapi/ws_frames.go:358.81,360.53 2 0
network-debugger/internal/infrastructure/httpapi/ws_frames.go:360.53,362.6 1 0
network-debugger/internal/infrastructure/httpapi/ws_frames.go:363.5,363.17 1 0
network-debugger/internal/infrastructure/httpapi/ws_frames.go:363.17,365.6 1 0
network-debugger/internal/infrastructure/httpapi/ws_frames.go:368.4,368.39 1 0
network-debugger/internal/infrastructure/httpapi/ws_frames.go:368.39,370.37 2 0
network-debugger/internal/infrastructure/httpapi/ws_frames.go:370.37,372.6 1 0
network-debugger/internal/infrastructure/httpapi/ws_frames.go:373.5,373.20 1 0
network-debugger/internal/infrastructure/httpapi/ws_frames.go:373.20,375.14 1 0
network-debugger/internal/infrastructure/httpapi/ws_frames.go:375.14,377.36 2 0
network-debugger/internal/infrastructure/httpapi/ws_frames.go:377.36,379.8 1 0
network-debugger/internal/infrastructure/httpapi/ws_frames.go:380.7,380.30 1 0
network-debugger/internal/infrastructure/httpapi/ws_frames.go:381.12,383.7 1 0
network-debugger/internal/infrastructure/httpapi/ws_frames.go:384.6,384.35 1 0
network-debugger/internal/infrastructure/httpapi/ws_frames.go:387.4,388.12 2 0
network-debugger/internal/infrastructure/httpapi/ws_frames.go:390.3,390.18 1 0
network-debugger/internal/infrastructure/httpapi/ws_frames.go:394.2,395.16 2 0
network-debugger/internal/infrastructure/httpapi/ws_frames.go:395.16,397.3 1 0
network-debugger/internal/infrastructure/httpapi/ws_frames.go:398.2,401.60 2 0
network-debugger/internal/infrastructure/httpapi/ws_frames.go:401.60,403.19 2 0
network-debugger/internal/infrastructure/httpapi/ws_frames.go:403.19,405.4 1 0
network-debugger/internal/infrastructure/httpapi/ws_frames.go:406.3,406.57 1 0
network-debugger/internal/infrastructure/httpapi/ws_frames.go:410.2,410.6 1 0
network-debugger/internal/infrastructure/httpapi/ws_frames.go:410.6,413.17 2 0
network-debugger/internal/infrastructure/httpapi/ws_frames.go:413.17,415.4 1 0
network-debugger/internal/infrastructure/httpapi/ws_frames.go:416.3,417.17 2 0
network-debugger/internal/infrastructure/httpapi/ws_frames.go:417.17,419.4 1 0
network-debugger/internal/infrastructure/httpapi/ws_frames.go:420.3,426.16 5 0
network-debugger/internal/infrastructure/httpapi/ws_frames.go:427.12,428.56 1 0
network-debugger/internal/infrastructure/httpapi/ws_frames.go:428.56,430.5 1 0
network-debugger/internal/infrastructure/httpapi/ws_frames.go:431.4,431.57 1 0
network-debugger/internal/infrastructure/httpapi/ws_frames.go:432.12,433.55 1 0
network-debugger/internal/infrastructure/httpapi/ws_frames.go:433.55,435.5 1 0
network-debugger/internal/infrastructure/httpapi/ws_frames.go:436.4,437.20 2 0
network-debugger/internal/infrastructure/httpapi/ws_frames.go:437.20,439.5 1 0
network-debugger/internal/infrastructure/httpapi/ws_frames.go:440.4,440.24 1 0
network-debugger/internal/infrastructure/httpapi/ws_frames.go:441.11,442.22 1 0
network-debugger/internal/infrastructure/httpapi/ws_frames.go:445.3,445.54 1 0
network-debugger/internal/infrastructure/httpapi/ws_frames.go:445.54,447.4 1 0
network-debugger/internal/infrastructure/httpapi/ws_frames.go:448.3,448.19 1 0
network-debugger/internal/infrastructure/httpapi/ws_frames.go:448.19,449.49 1 0
network-debugger/internal/infrastructure/httpapi/ws_frames.go:449.49,451.5 1 0
network-debugger/internal/infrastructure/httpapi/ws_frames.go:452.9,452.26 1 0
network-debugger/internal/infrastructure/httpapi/ws_frames.go:452.26,453.48 1 0
network-debugger/internal/infrastructure/httpapi/ws_frames.go:453.48,455.5 1 0
network-debugger/internal/infrastructure/httpapi/ws_frames.go:457.3,457.11 1 0
network-debugger/internal/infrastructure/httpapi/ws_frames.go:457.11,458.56 1 0
network-debugger/internal/infrastructure/httpapi/ws_frames.go:458.56,460.5 1 0
network-debugger/internal/infrastructure/httpapi/ws_frames.go:461.4,461.49 1 0
network-debugger/internal/infrastructure/httpapi/ws_frames.go:461.49,463.5 1 0
network-debugger/internal/infrastructure/httpapi/ws_frames.go:465.3,466.17 2 0
network-debugger/internal/infrastructure/httpapi/ws_frames.go:466.17,468.4 1 0
network-debugger/internal/infrastructure/httpapi/ws_frames.go:469.3,470.10 2 0
network-debugger/internal/infrastructure/httpapi/ws_frames.go:470.10,472.20 2 0
network-debugger/internal/infrastructure/httpapi/ws_frames.go:472.20,474.5 1 0
network-debugger/internal/infrastructure/httpapi/ws_frames.go:475.4,475.58 1 0
network-debugger/internal/infrastructure/httpapi/ws_frames.go:480.118,482.89 1 0
network-debugger/internal/infrastructure/httpapi/ws_frames.go:482.89,487.16 4 0
network-debugger/internal/infrastructure/httpapi/ws_frames.go:487.16,491.16 3 0
network-debugger/internal/infrastructure/httpapi/ws_frames.go:491.16,493.17 2 0
network-debugger/internal/infrastructure/httpapi/ws_frames.go:493.17,495.6 1 0
network-debugger/internal/infrastructure/httpapi/ws_frames.go:497.4,499.23 3 0
network-debugger/internal/infrastructure/httpapi/ws_frames.go:499.23,501.14 2 0
network-debugger/internal/infrastructure/httpapi/ws_frames.go:501.14,503.18 2 0
network-debugger/internal/infrastructure/httpapi/ws_frames.go:503.18,505.7 1 0
network-debugger/internal/infrastructure/httpapi/ws_frames.go:506.6,506.35 1 0
network-debugger/internal/infrastructure/httpapi/ws_frames.go:508.5,508.19 1 0
network-debugger/internal/infrastructure/httpapi/ws_frames.go:508.19,509.11 1 0
network-debugger/internal/infrastructure/httpapi/ws_frames.go:513.4,513.35 1 0
network-debugger/internal/infrastructure/httpapi/ws_frames.go:517.2,517.29 1 0
network-debugger/internal/infrastructure/httpapi/ws_frames.go:517.29,520.3 2 0
network-debugger/internal/infrastructure/httpapi/ws_frames.go:521.2,521.35 1 0
network-debugger/internal/infrastructure/httpapi/ws_frames.go:525.48,527.15 2 0
network-debugger/internal/infrastructure/httpapi/ws_frames.go:527.15,529.3 1 0
network-debugger/internal/infrastructure/httpapi/ws_frames.go:530.2,532.16 3 0
network-debugger/internal/infrastructure/httpapi/ws_frames.go:532.16,534.3 1 0
network-debugger/internal/infrastructure/httpapi/ws_frames.go:535.2,536.15 2 0
network-debugger/internal/infrastructure/httpapi/ws_frames.go:539.44,540.14 1 0
network-debugger/internal/infrastructure/httpapi/ws_frames.go:541.11,542.27 1 0
network-debugger/internal/infrastructure/httpapi/ws_frames.go:543.11,544.29 1 0
network-debugger/internal/infrastructure/httpapi/ws_frames.go:545.11,546.28 1 0
network-debugger/internal/infrastructure/httpapi/ws_frames.go:547.11,548.27 1 0
network-debugger/internal/infrastructure/httpapi/ws_frames.go:549.11,550.27 1 0
network-debugger/internal/infrastructure/httpapi/ws_frames.go:551.10,552.29 1 0
network-debugger/internal/infrastructure/httpapi/ws_frames.go:556.34,557.17 1 0
network-debugger/internal/infrastructure/httpapi/ws_frames.go:557.17,559.3 1 0
network-debugger/internal/infrastructure/httpapi/ws_frames.go:561.2,561.18 1 0
network-debugger/internal/infrastructure/httpapi/ws_frames.go:561.18,563.3 1 0
network-debugger/internal/infrastructure/httpapi/ws_frames.go:564.2,566.20 3 0
network-debugger/internal/infrastructure/httpapi/ws_frames.go:569.24,570.11 1 0
network-debugger/internal/infrastructure/httpapi/ws_frames.go:570.11,572.3 1 0
network-debugger/internal/infrastructure/httpapi/ws_frames.go:573.2,573.10 1 0
network-debugger/internal/infrastructure/httpapi/ws_sio.go:14.82,15.18 1 0
network-debugger/internal/infrastructure/httpapi/ws_sio.go:15.18,17.6 1 0
network-debugger/internal/infrastructure/httpapi/ws_sio.go:18.5,18.57 1 0
network-debugger/internal/infrastructure/httpapi/ws_sio.go:18.57,20.46 2 0
network-debugger/internal/infrastructure/httpapi/ws_sio.go:20.46,22.10 1 0
network-debugger/internal/infrastructure/httpapi/ws_sio.go:23.9,26.20 4 0
network-debugger/internal/infrastructure/httpapi/ws_sio.go:29.5,29.56 1 0
network-debugger/internal/infrastructure/httpapi/ws_sio.go:29.56,30.46 1 0
network-debugger/internal/infrastructure/httpapi/ws_sio.go:30.46,36.10 5 0
network-debugger/internal/infrastructure/httpapi/ws_sio.go:38.5,38.56 1 0
network-debugger/internal/infrastructure/httpapi/ws_sio.go:38.56,39.63 1 0
network-debugger/internal/infrastructure/httpapi/ws_sio.go:39.63,41.50 2 0
network-debugger/internal/infrastructure/httpapi/ws_sio.go:41.50,43.14 1 0
network-debugger/internal/infrastructure/httpapi/ws_sio.go:44.13,47.24 4 0
network-debugger/internal/infrastructure/httpapi/ws_sio.go:50.5,50.17 1 0
network-debugger/internal/infrastructure/httpapi/wsproxy.go:21.70,23.15 2 0
network-debugger/internal/infrastructure/httpapi/wsproxy.go:23.15,24.32 1 0
network-debugger/internal/infrastructure/httpapi/wsproxy.go:24.32,26.4 1 0
network-debugger/internal/infrastructure/httpapi/wsproxy.go:26.9,29.4 2 0
network-debugger/internal/infrastructure/httpapi/wsproxy.go:31.2,32.16 2 0
network-debugger/internal/infrastructure/httpapi/wsproxy.go:32.16,35.3 2 0
network-debugger/internal/infrastructure/httpapi/wsproxy.go:38.2,38.18 1 0
network-debugger/internal/infrastructure/httpapi/wsproxy.go:39.19,39.19 0 0
network-debugger/internal/infrastructure/httpapi/wsproxy.go:41.14,42.18 1 0
network-debugger/internal/infrastructure/httpapi/wsproxy.go:43.15,44.19 1 0
network-debugger/internal/infrastructure/httpapi/wsproxy.go:45.10,47.9 2 0
network-debugger/internal/infrastructure/httpapi/wsproxy.go:50.2,58.56 3 0
network-debugger/internal/infrastructure/httpapi/wsproxy.go:58.56,61.3 2 0
network-debugger/internal/infrastructure/httpapi/wsproxy.go:62.2,67.44 4 0
network-debugger/internal/infrastructure/httpapi/wsproxy.go:67.44,67.59 1 0
network-debugger/internal/infrastructure/httpapi/wsproxy.go:70.2,71.16 2 0
network-debugger/internal/infrastructure/httpapi/wsproxy.go:71.16,90.3 5 0
network-debugger/internal/infrastructure/httpapi/wsproxy.go:91.2,98.44 3 0
network-debugger/internal/infrastructure/httpapi/wsproxy.go:98.44,100.3 1 0
network-debugger/internal/infrastructure/httpapi/wsproxy.go:101.2,108.60 7 0
network-debugger/internal/infrastructure/httpapi/wsproxy.go:108.60,110.3 1 0
network-debugger/internal/infrastructure/httpapi/wsproxy.go:112.2,112.29 1 0
network-debugger/internal/infrastructure/httpapi/wsproxy.go:112.29,114.24 2 0
network-debugger/internal/infrastructure/httpapi/wsproxy.go:114.24,116.4 1 0
network-debugger/internal/infrastructure/httpapi/wsproxy.go:117.3,117.28 1 0
network-debugger/internal/infrastructure/httpapi/wsproxy.go:120.2,121.16 2 0
network-debugger/internal/infrastructure/httpapi/wsproxy.go:121.16,126.18 2 0
network-debugger/internal/infrastructure/httpapi/wsproxy.go:126.18,128.24 2 0
network-debugger/internal/infrastructure/httpapi/wsproxy.go:128.24,130.5 1 0
network-debugger/internal/infrastructure/httpapi/wsproxy.go:131.4,131.97 1 0
network-debugger/internal/infrastructure/httpapi/wsproxy.go:132.9,134.4 1 0
network-debugger/internal/infrastructure/httpapi/wsproxy.go:137.3,152.9 5 0
network-debugger/internal/infrastructure/httpapi/wsproxy.go:154.2,156.19 2 0
network-debugger/internal/infrastructure/httpapi/wsproxy.go:156.19,158.3 1 0
network-debugger/internal/infrastructure/httpapi/wsproxy.go:161.2,162.82 2 0
network-debugger/internal/infrastructure/httpapi/wsproxy.go:165.93,169.15 4 0
network-debugger/internal/infrastructure/httpapi/wsproxy.go:169.15,175.34 5 0
network-debugger/internal/infrastructure/httpapi/wsproxy.go:175.34,177.22 2 0
network-debugger/internal/infrastructure/httpapi/wsproxy.go:177.22,180.5 2 0
network-debugger/internal/infrastructure/httpapi/wsproxy.go:181.4,183.34 3 0
network-debugger/internal/infrastructure/httpapi/wsproxy.go:185.3,186.20 2 0
network-debugger/internal/infrastructure/httpapi/wsproxy.go:186.20,188.4 1 0
network-debugger/internal/infrastructure/httpapi/wsproxy.go:190.2,190.6 1 0
network-debugger/internal/infrastructure/httpapi/wsproxy.go:190.6,192.17 2 0
network-debugger/internal/infrastructure/httpapi/wsproxy.go:192.17,195.4 2 0
network-debugger/internal/infrastructure/httpapi/wsproxy.go:196.3,197.52 2 0
network-debugger/internal/infrastructure/httpapi/wsproxy.go:197.52,200.4 2 0
network-debugger/internal/infrastructure/httpapi/wsproxy.go:203.3,211.19 7 0
network-debugger/internal/infrastructure/httpapi/wsproxy.go:211.19,214.4 2 0
network-debugger/internal/infrastructure/httpapi/wsproxy.go:215.9,215.40 1 0
network-debugger/internal/infrastructure/httpapi/wsproxy.go:215.40,218.90 2 0
network-debugger/internal/infrastructure/httpapi/wsproxy.go:218.90,222.34 2 0
network-debugger/internal/infrastructure/httpapi/wsproxy.go:222.34,224.18 1 0
network-debugger/internal/infrastructure/httpapi/wsproxy.go:225.17,231.47 3 0
network-debugger/internal/infrastructure/httpapi/wsproxy.go:233.13,233.56 1 0
network-debugger/internal/infrastructure/httpapi/wsproxy.go:238.43,239.12 1 0
network-debugger/internal/infrastructure/httpapi/wsproxy.go:240.29,241.27 1 0
network-debugger/internal/infrastructure/httpapi/wsproxy.go:242.31,243.29 1 0
network-debugger/internal/infrastructure/httpapi/wsproxy.go:244.29,245.27 1 0
network-debugger/internal/infrastructure/httpapi/wsproxy.go:246.29,247.27 1 0
network-debugger/internal/infrastructure/httpapi/wsproxy.go:248.30,249.28 1 0
network-debugger/internal/infrastructure/httpapi/wsproxy.go:250.10,251.29 1 0
network-debugger/internal/infrastructure/httpapi/wsproxy.go:255.57,256.29 1 0
network-debugger/internal/infrastructure/httpapi/wsproxy.go:256.29,258.15 2 0
network-debugger/internal/infrastructure/httpapi/wsproxy.go:258.15,260.4 1 0
network-debugger/internal/infrastructure/httpapi/wsproxy.go:261.3,261.22 1 0
network-debugger/internal/infrastructure/httpapi/wsproxy.go:261.22,263.4 1 0
network-debugger/internal/infrastructure/httpapi/wsproxy.go:265.3,266.45 2 0
network-debugger/internal/infrastructure/httpapi/wsproxy.go:266.45,268.31 2 0
network-debugger/internal/infrastructure/httpapi/wsproxy.go:268.31,270.5 1 0
network-debugger/internal/infrastructure/httpapi/wsproxy.go:272.4,273.38 2 0
network-debugger/internal/infrastructure/httpapi/wsproxy.go:273.38,275.5 1 0
network-debugger/internal/infrastructure/httpapi/wsproxy.go:276.4,276.19 1 0
network-debugger/internal/infrastructure/httpapi/wsproxy.go:278.3,278.28 1 0
network-debugger/internal/infrastructure/httpapi/wsproxy.go:281.2,282.33 2 0
network-debugger/internal/infrastructure/httpapi/wsproxy.go:282.33,284.3 1 0
network-debugger/internal/infrastructure/httpapi/wsproxy.go:285.2,285.15 1 0
network-debugger/internal/infrastructure/httpapi/wsproxy.go:285.15,287.3 1 0
network-debugger/internal/infrastructure/httpapi/wsproxy.go:288.2,288.45 1 0
network-debugger/internal/infrastructure/httpapi/wsproxy.go:291.73,292.32 1 0
network-debugger/internal/infrastructure/httpapi/wsproxy.go:292.32,294.3 1 0
network-debugger/internal/infrastructure/httpapi/wsproxy.go:297.31,297.44 1 0
network-debugger/internal/infrastructure/httpapi/wsproxy.go:299.39,300.52 1 0
network-debugger/internal/infrastructure/httpapi/wsproxy.go:300.52,302.3 1 0
network-debugger/internal/infrastructure/httpapi/wsproxy.go:303.2,303.15 1 0
network-debugger/internal/infrastructure/httpapi/wsproxy.go:307.44,307.75 1 0
network-debugger/internal/infrastructure/httpapi/wsproxy.go:311.38,313.16 1 0
network-debugger/internal/infrastructure/httpapi/wsproxy.go:313.16,315.3 1 0
network-debugger/internal/infrastructure/httpapi/wsproxy.go:316.2,318.31 2 0
network-debugger/internal/infrastructure/httpapi/wsproxy.go:318.31,320.3 1 0
network-debugger/internal/infrastructure/httpapi/wsproxy.go:321.2,321.31 1 0
network-debugger/internal/infrastructure/httpapi/wsproxy.go:321.31,323.33 1 0
network-debugger/internal/infrastructure/httpapi/wsproxy.go:323.33,325.4 1 0
network-debugger/internal/infrastructure/httpapi/wsproxy.go:326.3,326.32 1 0
network-debugger/internal/infrastructure/httpapi/wsproxy.go:326.32,328.4 1 0
network-debugger/internal/infrastructure/httpapi/wsproxy.go:331.2,332.47 2 0
network-debugger/internal/infrastructure/httpapi/wsproxy.go:332.47,334.3 1 0
network-debugger/internal/infrastructure/httpapi/wsproxy.go:335.2,335.12 1 0
network-debugger/internal/infrastructure/httpapi/wsproxy.go:335.12,337.3 1 0
network-debugger/internal/infrastructure/httpapi/wsproxy.go:338.2,338.31 1 0
network-debugger/internal/infrastructure/httpapi/wsproxy.go:338.31,340.3 1 0
network-debugger/internal/infrastructure/httpapi/wsproxy.go:341.2,342.16 2 0
network-debugger/internal/infrastructure/httpapi/wsproxy.go:342.16,344.3 1 0
network-debugger/internal/infrastructure/httpapi/wsproxy.go:345.2,345.12 1 0
network-debugger/internal/infrastructure/httpapi/wsproxy.go:350.73,351.33 1 0
network-debugger/internal/infrastructure/httpapi/wsproxy.go:351.33,354.3 2 0
network-debugger/internal/infrastructure/httpapi/wsproxy.go:355.2,357.62 3 0
network-debugger/internal/infrastructure/httpapi/wsproxy.go:357.62,360.3 2 0
network-debugger/internal/infrastructure/httpapi/wsproxy.go:361.2,366.61 3 0
network-debugger/internal/infrastructure/httpapi/wsproxy.go:366.61,369.3 2 0
network-debugger/internal/infrastructure/httpapi/wsproxy.go:370.2,370.19 1 0
network-debugger/internal/infrastructure/httpapi/wsproxy.go:370.19,373.3 2 0
network-debugger/internal/infrastructure/httpapi/wsproxy.go:374.2,374.72 1 0
network-debugger/internal/infrastructure/httpapi/wsproxy.go:374.72,377.3 2 0
network-debugger/internal/infrastructure/httpapi/wsproxy.go:378.2,378.37 1 0
