mode: atomic
network-debugger/pkg/shared/id/id.go:8.19,12.2 3 1001
network-debugger/pkg/shared/redact/redact.go:11.34,13.54 2 7
network-debugger/pkg/shared/redact/redact.go:13.54,15.3 1 1
network-debugger/pkg/shared/redact/redact.go:16.2,18.16 3 6
network-debugger/pkg/shared/redact/redact.go:18.16,20.3 1 0
network-debugger/pkg/shared/redact/redact.go:21.2,21.18 1 6
network-debugger/pkg/shared/redact/redact.go:24.25,25.26 1 17
network-debugger/pkg/shared/redact/redact.go:26.22,27.23 1 7
network-debugger/pkg/shared/redact/redact.go:27.23,28.25 1 13
network-debugger/pkg/shared/redact/redact.go:28.25,30.13 2 8
network-debugger/pkg/shared/redact/redact.go:32.4,34.13 3 5
network-debugger/pkg/shared/redact/redact.go:36.13,37.20 1 3
network-debugger/pkg/shared/redact/redact.go:37.20,41.4 3 6
network-debugger/pkg/shared/redact/redact.go:45.36,47.34 2 13
network-debugger/pkg/shared/redact/redact.go:47.34,48.13 1 50
network-debugger/pkg/shared/redact/redact.go:48.13,50.4 1 8
network-debugger/pkg/shared/redact/redact.go:52.2,52.14 1 5
